<testng-results>
  <reporter-output>
  </reporter-output>
  <suite name="MobileSuite">
    <groups>
      <group name="groupMyPlaces">
        <method signature="com.aol.functest.mobileweb.adv.test.MobileWebTestUnAuthenticate.TC_VerifyMyPlaceFormPageUIObject_UnAuthenticate([Ljava.lang.String;, [Ljava.lang.String;)" name="TC_VerifyMyPlaceFormPageUIObject_UnAuthenticate" class="com.aol.functest.mobileweb.adv.test.MobileWebTestUnAuthenticate"/>
        <method signature="com.aol.functest.mobileweb.adv.test.MobileWebTestAuthenticate.TC_VerifyMyPlaceTextResultPageUIObject_Authenticate([Ljava.lang.String;, [Ljava.lang.String;)" name="TC_VerifyMyPlaceTextResultPageUIObject_Authenticate" class="com.aol.functest.mobileweb.adv.test.MobileWebTestAuthenticate"/>
        <method signature="com.aol.functest.mobileweb.adv.test.MobileWebTestUnAuthenticate.TC_VerifyMyPlaceTextResultPageUIObject_UnAuthenticate([Ljava.lang.String;, [Ljava.lang.String;)" name="TC_VerifyMyPlaceTextResultPageUIObject_UnAuthenticate" class="com.aol.functest.mobileweb.adv.test.MobileWebTestUnAuthenticate"/>
      </group>
      <group name="groupMobileWebCollections">
        <method signature="com.aol.functest.mobileweb.test.MobileWebCollectionTest.TC_testGetCollectionsForUser()" name="TC_testGetCollectionsForUser" class="com.aol.functest.mobileweb.test.MobileWebCollectionTest"/>
        <method signature="com.aol.functest.mobileweb.test.MobileWebCollectionTest.TC_testGetCollection_invalidCollectionId()" name="TC_testGetCollection_invalidCollectionId" class="com.aol.functest.mobileweb.test.MobileWebCollectionTest"/>
        <method signature="com.aol.functest.mobileweb.test.MobileWebCollectionTest.TC_testUpdateItem()" name="TC_testUpdateItem" class="com.aol.functest.mobileweb.test.MobileWebCollectionTest"/>
        <method signature="com.aol.functest.mobileweb.test.MobileWebCollectionTest.TC_testUpdateCollection()" name="TC_testUpdateCollection" class="com.aol.functest.mobileweb.test.MobileWebCollectionTest"/>
        <method signature="com.aol.functest.mobileweb.test.MobileWebCollectionTest.TC_testSaveNewCollection_withBadJSONObjectParam()" name="TC_testSaveNewCollection_withBadJSONObjectParam" class="com.aol.functest.mobileweb.test.MobileWebCollectionTest"/>
        <method signature="com.aol.functest.mobileweb.test.MobileWebCollectionTest.TC_testAddItem()" name="TC_testAddItem" class="com.aol.functest.mobileweb.test.MobileWebCollectionTest"/>
        <method signature="com.aol.functest.mobileweb.test.MobileWebCollectionTest.TC_testSaveNewCollection()" name="TC_testSaveNewCollection" class="com.aol.functest.mobileweb.test.MobileWebCollectionTest"/>
        <method signature="com.aol.functest.mobileweb.test.MobileWebCollectionTest.TC_testSaveExistingCollection()" name="TC_testSaveExistingCollection" class="com.aol.functest.mobileweb.test.MobileWebCollectionTest"/>
        <method signature="com.aol.functest.mobileweb.test.MobileWebCollectionTest.TC_testUpdateCollection_withInvalidCollectionId()" name="TC_testUpdateCollection_withInvalidCollectionId" class="com.aol.functest.mobileweb.test.MobileWebCollectionTest"/>
        <method signature="com.aol.functest.mobileweb.test.MobileWebCollectionTest.TC_testGetCollection_validCollectionId()" name="TC_testGetCollection_validCollectionId" class="com.aol.functest.mobileweb.test.MobileWebCollectionTest"/>
      </group>
      <group name="groupSavedAndRecent">
        <method signature="com.aol.functest.mobileweb.adv.test.MobileWebTestUnAuthenticate.TC_VerifySearchFormRecentLocation_UnAuthenticate()" name="TC_VerifySearchFormRecentLocation_UnAuthenticate" class="com.aol.functest.mobileweb.adv.test.MobileWebTestUnAuthenticate"/>
        <method signature="com.aol.functest.mobileweb.adv.test.MobileWebTestUnAuthenticate.TC_VerifyDirectionFormRecentLocation_UnAuthenticate()" name="TC_VerifyDirectionFormRecentLocation_UnAuthenticate" class="com.aol.functest.mobileweb.adv.test.MobileWebTestUnAuthenticate"/>
        <method signature="com.aol.functest.mobileweb.adv.test.MobileWebTestAuthenticate.TC_VerifyMapFormRecentLocation_Authenticate()" name="TC_VerifyMapFormRecentLocation_Authenticate" class="com.aol.functest.mobileweb.adv.test.MobileWebTestAuthenticate"/>
        <method signature="com.aol.functest.mobileweb.adv.test.MobileWebTestAuthenticate.TC_VerifySavedAndRecentFormPageUIObject_Authenticate([Ljava.lang.String;, [Ljava.lang.String;)" name="TC_VerifySavedAndRecentFormPageUIObject_Authenticate" class="com.aol.functest.mobileweb.adv.test.MobileWebTestAuthenticate"/>
        <method signature="com.aol.functest.mobileweb.adv.test.MobileWebTestAuthenticate.TC_VerifySearchFormRecentLocation_Authenticate()" name="TC_VerifySearchFormRecentLocation_Authenticate" class="com.aol.functest.mobileweb.adv.test.MobileWebTestAuthenticate"/>
        <method signature="com.aol.functest.mobileweb.adv.test.MobileWebTestAuthenticate.TC_VerifyDirectionFormRecentLocation_Authenticate()" name="TC_VerifyDirectionFormRecentLocation_Authenticate" class="com.aol.functest.mobileweb.adv.test.MobileWebTestAuthenticate"/>
        <method signature="com.aol.functest.mobileweb.adv.test.MobileWebTestUnAuthenticate.TC_VerifyMapFormRecentLocation_UnAuthenticate()" name="TC_VerifyMapFormRecentLocation_UnAuthenticate" class="com.aol.functest.mobileweb.adv.test.MobileWebTestUnAuthenticate"/>
        <method signature="com.aol.functest.mobileweb.adv.test.MobileWebTestUnAuthenticate.TC_VerifySavedAndRecentFormPageUIObject_UnAuthenticate([Ljava.lang.String;, [Ljava.lang.String;)" name="TC_VerifySavedAndRecentFormPageUIObject_UnAuthenticate" class="com.aol.functest.mobileweb.adv.test.MobileWebTestUnAuthenticate"/>
      </group>
      <group name="groupTraffic">
        <method signature="com.aol.functest.mobileweb.adv.test.MobileWebTestUnAuthenticate.TC_VerifyDirectionsTraffic_Authenticate()" name="TC_VerifyDirectionsTraffic_Authenticate" class="com.aol.functest.mobileweb.adv.test.MobileWebTestUnAuthenticate"/>
        <method signature="com.aol.functest.mobileweb.adv.test.MobileWebTestUnAuthenticate.TC_VerifySearchTraffic_Authenticate()" name="TC_VerifySearchTraffic_Authenticate" class="com.aol.functest.mobileweb.adv.test.MobileWebTestUnAuthenticate"/>
        <method signature="com.aol.functest.mobileweb.adv.test.MobileWebTestAuthenticate.TC_VerifySearchTraffic_Authenticate()" name="TC_VerifySearchTraffic_Authenticate" class="com.aol.functest.mobileweb.adv.test.MobileWebTestAuthenticate"/>
        <method signature="com.aol.functest.mobileweb.adv.test.MobileWebTestAuthenticate.TC_VerifyMapTraffic_Authenticate()" name="TC_VerifyMapTraffic_Authenticate" class="com.aol.functest.mobileweb.adv.test.MobileWebTestAuthenticate"/>
        <method signature="com.aol.functest.mobileweb.adv.test.MobileWebTestAuthenticate.TC_VerifyDirectionsTraffic_Authenticate()" name="TC_VerifyDirectionsTraffic_Authenticate" class="com.aol.functest.mobileweb.adv.test.MobileWebTestAuthenticate"/>
        <method signature="com.aol.functest.mobileweb.adv.test.MobileWebTestUnAuthenticate.TC_VerifyMapTraffic_Authenticate()" name="TC_VerifyMapTraffic_Authenticate" class="com.aol.functest.mobileweb.adv.test.MobileWebTestUnAuthenticate"/>
      </group>
      <group name="groupAmbiguity">
        <method signature="com.aol.functest.mobileweb.adv.test.MobileWebTestUnAuthenticate.TC_VerifySearchFormAmbiguityPage_UnAuthenticate([Ljava.lang.String;, [Ljava.lang.String;)" name="TC_VerifySearchFormAmbiguityPage_UnAuthenticate" class="com.aol.functest.mobileweb.adv.test.MobileWebTestUnAuthenticate"/>
        <method signature="com.aol.functest.mobileweb.adv.test.MobileWebTestAuthenticate.TC_VerifyMapFormAmbiguityPage_Authenticate([Ljava.lang.String;, [Ljava.lang.String;)" name="TC_VerifyMapFormAmbiguityPage_Authenticate" class="com.aol.functest.mobileweb.adv.test.MobileWebTestAuthenticate"/>
        <method signature="com.aol.functest.mobileweb.adv.test.MobileWebTestAuthenticate.TC_VerifySearchFormAmbiguityPage_Authenticate([Ljava.lang.String;, [Ljava.lang.String;)" name="TC_VerifySearchFormAmbiguityPage_Authenticate" class="com.aol.functest.mobileweb.adv.test.MobileWebTestAuthenticate"/>
        <method signature="com.aol.functest.mobileweb.adv.test.MobileWebTestAuthenticate.TC_VerifyDirectionFormAmbiguityPage_Authenticate([Ljava.lang.String;, [Ljava.lang.String;)" name="TC_VerifyDirectionFormAmbiguityPage_Authenticate" class="com.aol.functest.mobileweb.adv.test.MobileWebTestAuthenticate"/>
        <method signature="com.aol.functest.mobileweb.adv.test.MobileWebTestUnAuthenticate.TC_VerifyMapFormAmbiguityPage_UnAuthenticate([Ljava.lang.String;, [Ljava.lang.String;)" name="TC_VerifyMapFormAmbiguityPage_UnAuthenticate" class="com.aol.functest.mobileweb.adv.test.MobileWebTestUnAuthenticate"/>
        <method signature="com.aol.functest.mobileweb.adv.test.MobileWebTestUnAuthenticate.TC_VerifyDirectionFormAmbiguityPage_UnAuthenticate([Ljava.lang.String;, [Ljava.lang.String;)" name="TC_VerifyDirectionFormAmbiguityPage_UnAuthenticate" class="com.aol.functest.mobileweb.adv.test.MobileWebTestUnAuthenticate"/>
      </group>
      <group name="MapsStd">
        <method signature="com.aol.functest.mobileweb.std.test.MobileWebTestStdAuthenticate.TC_VerifyMapFormPageUIStd_Authenticate([Ljava.lang.String;, [Ljava.lang.String;)" name="TC_VerifyMapFormPageUIStd_Authenticate" class="com.aol.functest.mobileweb.std.test.MobileWebTestStdAuthenticate"/>
        <method signature="com.aol.functest.mobileweb.std.test.MobileWebTestStdAuthenticate.TC_VerifyMapResultPageUIStd_Authenticate([Ljava.lang.String;, [Ljava.lang.String;)" name="TC_VerifyMapResultPageUIStd_Authenticate" class="com.aol.functest.mobileweb.std.test.MobileWebTestStdAuthenticate"/>
        <method signature="com.aol.functest.mobileweb.std.test.MobileWebTestStdAuthenticate.TC_VerifyMapResultPageMapObjectStd_Authenticate([Ljava.lang.String;, [Ljava.lang.String;)" name="TC_VerifyMapResultPageMapObjectStd_Authenticate" class="com.aol.functest.mobileweb.std.test.MobileWebTestStdAuthenticate"/>
        <method signature="com.aol.functest.mobileweb.std.test.MobileWebTestStdUnAuthenticate.TC_VerifyGetDirectionFromHeremapspage_UnAuthenticate()" name="TC_VerifyGetDirectionFromHeremapspage_UnAuthenticate" class="com.aol.functest.mobileweb.std.test.MobileWebTestStdUnAuthenticate"/>
        <method signature="com.aol.functest.mobileweb.std.test.MobileWebTestStdUnAuthenticate.TC_VerifyFindBusinessNearbyFunctionalitymappage_UnAuthenticate()" name="TC_VerifyFindBusinessNearbyFunctionalitymappage_UnAuthenticate" class="com.aol.functest.mobileweb.std.test.MobileWebTestStdUnAuthenticate"/>
        <method signature="com.aol.functest.mobileweb.std.test.MobileWebTestStdAuthenticate.TC_VerifyFindBizNearbymapspage_Authenticate()" name="TC_VerifyFindBizNearbymapspage_Authenticate" class="com.aol.functest.mobileweb.std.test.MobileWebTestStdAuthenticate"/>
        <method signature="com.aol.functest.mobileweb.std.test.MobileWebTestStdUnAuthenticate.TC_VerifyMapResultPageMapObjectStd_UnAuthenticate([Ljava.lang.String;, [Ljava.lang.String;)" name="TC_VerifyMapResultPageMapObjectStd_UnAuthenticate" class="com.aol.functest.mobileweb.std.test.MobileWebTestStdUnAuthenticate"/>
        <method signature="com.aol.functest.mobileweb.std.test.MobileWebTestStdAuthenticate.TC_VerifyFindBusinessNearbyFunctionalitymappage_Authenticate()" name="TC_VerifyFindBusinessNearbyFunctionalitymappage_Authenticate" class="com.aol.functest.mobileweb.std.test.MobileWebTestStdAuthenticate"/>
        <method signature="com.aol.functest.mobileweb.std.test.MobileWebTestStdAuthenticate.TC_VerifyGetDirectionToHeremapspage_Authenticate()" name="TC_VerifyGetDirectionToHeremapspage_Authenticate" class="com.aol.functest.mobileweb.std.test.MobileWebTestStdAuthenticate"/>
        <method signature="com.aol.functest.mobileweb.std.test.MobileWebTestStdUnAuthenticate.TC_VerifyFindBizNearbymapspage_UnAuthenticate()" name="TC_VerifyFindBizNearbymapspage_UnAuthenticate" class="com.aol.functest.mobileweb.std.test.MobileWebTestStdUnAuthenticate"/>
        <method signature="com.aol.functest.mobileweb.std.test.MobileWebTestStdAuthenticate.TC_VerifyGetDirectionFromHeremapspage_Authenticate()" name="TC_VerifyGetDirectionFromHeremapspage_Authenticate" class="com.aol.functest.mobileweb.std.test.MobileWebTestStdAuthenticate"/>
        <method signature="com.aol.functest.mobileweb.std.test.MobileWebTestStdUnAuthenticate.TC_VerifyMapResultPageUIStd_UnAuthenticate([Ljava.lang.String;, [Ljava.lang.String;)" name="TC_VerifyMapResultPageUIStd_UnAuthenticate" class="com.aol.functest.mobileweb.std.test.MobileWebTestStdUnAuthenticate"/>
        <method signature="com.aol.functest.mobileweb.std.test.MobileWebTestStdUnAuthenticate.TC_VerifyGetDirectionToHeremapspage_UnAuthenticate()" name="TC_VerifyGetDirectionToHeremapspage_UnAuthenticate" class="com.aol.functest.mobileweb.std.test.MobileWebTestStdUnAuthenticate"/>
        <method signature="com.aol.functest.mobileweb.std.test.MobileWebTestStdUnAuthenticate.TC_VerifyMapFormPageUIStd_UnAuthenticate([Ljava.lang.String;, [Ljava.lang.String;)" name="TC_VerifyMapFormPageUIStd_UnAuthenticate" class="com.aol.functest.mobileweb.std.test.MobileWebTestStdUnAuthenticate"/>
      </group>
      <group name="SearchStd">
        <method signature="com.aol.functest.mobileweb.std.test.MobileWebTestStdAuthenticate.TC_VerifyRefineSearchFormPage_Authenticate([Ljava.lang.String;, [Ljava.lang.String;)" name="TC_VerifyRefineSearchFormPage_Authenticate" class="com.aol.functest.mobileweb.std.test.MobileWebTestStdAuthenticate"/>
        <method signature="com.aol.functest.mobileweb.std.test.MobileWebTestStdAuthenticate.TC_VerifySearchResultsSearchByCategoryStd_Authenticate([Ljava.lang.String;, [Ljava.lang.String;)" name="TC_VerifySearchResultsSearchByCategoryStd_Authenticate" class="com.aol.functest.mobileweb.std.test.MobileWebTestStdAuthenticate"/>
        <method signature="com.aol.functest.mobileweb.std.test.MobileWebTestStdAuthenticate.TC_VerifySearchResultsSearchFormPageStd_Authenticate([Ljava.lang.String;, [Ljava.lang.String;)" name="TC_VerifySearchResultsSearchFormPageStd_Authenticate" class="com.aol.functest.mobileweb.std.test.MobileWebTestStdAuthenticate"/>
        <method signature="com.aol.functest.mobileweb.std.test.MobileWebTestStdUnAuthenticate.TC_VerifySearchResultsSearchFormPageStd_UnAuthenticate([Ljava.lang.String;, [Ljava.lang.String;)" name="TC_VerifySearchResultsSearchFormPageStd_UnAuthenticate" class="com.aol.functest.mobileweb.std.test.MobileWebTestStdUnAuthenticate"/>
        <method signature="com.aol.functest.mobileweb.std.test.MobileWebTestStdUnAuthenticate.TC_VerifyCategorySearchFormPageUIObject_UnAuthenticate([Ljava.lang.String;, [Ljava.lang.String;)" name="TC_VerifyCategorySearchFormPageUIObject_UnAuthenticate" class="com.aol.functest.mobileweb.std.test.MobileWebTestStdUnAuthenticate"/>
        <method signature="com.aol.functest.mobileweb.std.test.MobileWebTestStdUnAuthenticate.TC_VerifyRefineSearchFormPage_UnAuthenticate([Ljava.lang.String;, [Ljava.lang.String;)" name="TC_VerifyRefineSearchFormPage_UnAuthenticate" class="com.aol.functest.mobileweb.std.test.MobileWebTestStdUnAuthenticate"/>
        <method signature="com.aol.functest.mobileweb.std.test.MobileWebTestStdAuthenticate.TC_VerifyCategorySearchFormPageUIObject_Authenticate([Ljava.lang.String;, [Ljava.lang.String;)" name="TC_VerifyCategorySearchFormPageUIObject_Authenticate" class="com.aol.functest.mobileweb.std.test.MobileWebTestStdAuthenticate"/>
        <method signature="com.aol.functest.mobileweb.std.test.MobileWebTestStdUnAuthenticate.TC_VerifyRefineSearchResultPage_UnAuthenticate()" name="TC_VerifyRefineSearchResultPage_UnAuthenticate" class="com.aol.functest.mobileweb.std.test.MobileWebTestStdUnAuthenticate"/>
        <method signature="com.aol.functest.mobileweb.std.test.MobileWebTestStdUnAuthenticate.TC_VerifySearchFormPageStdUIObject_UnAuthenticate([Ljava.lang.String;, [Ljava.lang.String;)" name="TC_VerifySearchFormPageStdUIObject_UnAuthenticate" class="com.aol.functest.mobileweb.std.test.MobileWebTestStdUnAuthenticate"/>
        <method signature="com.aol.functest.mobileweb.std.test.MobileWebTestStdAuthenticate.TC_VerifyRefineSearchResultPage_Authenticate()" name="TC_VerifyRefineSearchResultPage_Authenticate" class="com.aol.functest.mobileweb.std.test.MobileWebTestStdAuthenticate"/>
        <method signature="com.aol.functest.mobileweb.std.test.MobileWebTestStdAuthenticate.TC_VerifySearchFormPageStdUIObject_Authenticate([Ljava.lang.String;, [Ljava.lang.String;)" name="TC_VerifySearchFormPageStdUIObject_Authenticate" class="com.aol.functest.mobileweb.std.test.MobileWebTestStdAuthenticate"/>
        <method signature="com.aol.functest.mobileweb.std.test.MobileWebTestStdUnAuthenticate.TC_VerifySearchUsingSearchByCategoryStd_UnAuthenticate([Ljava.lang.String;, [Ljava.lang.String;)" name="TC_VerifySearchUsingSearchByCategoryStd_UnAuthenticate" class="com.aol.functest.mobileweb.std.test.MobileWebTestStdUnAuthenticate"/>
      </group>
      <group name="groupDotcomtoMobileRedirection">
        <method signature="com.aol.functest.mobileweb.test.DotcomToMobileRedirectionTest.TC_testDotcomtoMobileRedirectiontListOfUserAgent()" name="TC_testDotcomtoMobileRedirectiontListOfUserAgent" class="com.aol.functest.mobileweb.test.DotcomToMobileRedirectionTest"/>
        <method signature="com.aol.functest.mobileweb.test.UnsupportedRedirectiontest.TC_UnsupportedRedirectiontest()" name="TC_UnsupportedRedirectiontest" class="com.aol.functest.mobileweb.test.UnsupportedRedirectiontest"/>
      </group>
      <group name="GeodiffStd">
        <method signature="com.aol.functest.mobileweb.std.test.MobileWebTestStdAuthenticate.TC_VerifySearchFormGeoDiffPageStd_Authenticate([Ljava.lang.String;, [Ljava.lang.String;)" name="TC_VerifySearchFormGeoDiffPageStd_Authenticate" class="com.aol.functest.mobileweb.std.test.MobileWebTestStdAuthenticate"/>
        <method signature="com.aol.functest.mobileweb.std.test.MobileWebTestStdAuthenticate.TC_VerifyMapFormGeoDiffPageStd_Authenticate([Ljava.lang.String;, [Ljava.lang.String;)" name="TC_VerifyMapFormGeoDiffPageStd_Authenticate" class="com.aol.functest.mobileweb.std.test.MobileWebTestStdAuthenticate"/>
        <method signature="com.aol.functest.mobileweb.std.test.MobileWebTestStdAuthenticate.TC_VerifyMapSearchformGeoDiffPageStd_Authenticate()" name="TC_VerifyMapSearchformGeoDiffPageStd_Authenticate" class="com.aol.functest.mobileweb.std.test.MobileWebTestStdAuthenticate"/>
        <method signature="com.aol.functest.mobileweb.std.test.MobileWebTestStdUnAuthenticate.TC_VerifyMapFormGeoDiffPageStd_UnAuthenticate([Ljava.lang.String;, [Ljava.lang.String;)" name="TC_VerifyMapFormGeoDiffPageStd_UnAuthenticate" class="com.aol.functest.mobileweb.std.test.MobileWebTestStdUnAuthenticate"/>
        <method signature="com.aol.functest.mobileweb.std.test.MobileWebTestStdUnAuthenticate.TC_VerifySearchFormGeoDiffPageStd_UnAuthenticate([Ljava.lang.String;, [Ljava.lang.String;)" name="TC_VerifySearchFormGeoDiffPageStd_UnAuthenticate" class="com.aol.functest.mobileweb.std.test.MobileWebTestStdUnAuthenticate"/>
        <method signature="com.aol.functest.mobileweb.std.test.MobileWebTestStdAuthenticate.TC_VerifyDirectionFormGeoDiffPageStd_Authenticate([Ljava.lang.String;, [Ljava.lang.String;)" name="TC_VerifyDirectionFormGeoDiffPageStd_Authenticate" class="com.aol.functest.mobileweb.std.test.MobileWebTestStdAuthenticate"/>
        <method signature="com.aol.functest.mobileweb.std.test.MobileWebTestStdAuthenticate.TC_VerifyMapSearchfromAmbiguityPageStd_Authenticate()" name="TC_VerifyMapSearchfromAmbiguityPageStd_Authenticate" class="com.aol.functest.mobileweb.std.test.MobileWebTestStdAuthenticate"/>
        <method signature="com.aol.functest.mobileweb.std.test.MobileWebTestStdAuthenticate.TC_VerifyDirectionSearchAmbiguityAndGeodiffStd_Authenticate()" name="TC_VerifyDirectionSearchAmbiguityAndGeodiffStd_Authenticate" class="com.aol.functest.mobileweb.std.test.MobileWebTestStdAuthenticate"/>
        <method signature="com.aol.functest.mobileweb.std.test.MobileWebTestStdUnAuthenticate.TC_VerifyDirectionFormGeoDiffPageStd_UnAuthenticate([Ljava.lang.String;, [Ljava.lang.String;)" name="TC_VerifyDirectionFormGeoDiffPageStd_UnAuthenticate" class="com.aol.functest.mobileweb.std.test.MobileWebTestStdUnAuthenticate"/>
        <method signature="com.aol.functest.mobileweb.std.test.MobileWebTestStdUnAuthenticate.TC_VerifyMapSearchformGeoDiffPageStd_UnAuthenticate()" name="TC_VerifyMapSearchformGeoDiffPageStd_UnAuthenticate" class="com.aol.functest.mobileweb.std.test.MobileWebTestStdUnAuthenticate"/>
        <method signature="com.aol.functest.mobileweb.std.test.MobileWebTestStdUnAuthenticate.TC_VerifyDirectionSearchAmbiguityAndGeodiffStd_UnAuthenticate()" name="TC_VerifyDirectionSearchAmbiguityAndGeodiffStd_UnAuthenticate" class="com.aol.functest.mobileweb.std.test.MobileWebTestStdUnAuthenticate"/>
        <method signature="com.aol.functest.mobileweb.std.test.MobileWebTestStdUnAuthenticate.TC_VerifyMapSearchfromAmbiguityPageStd_UnAuthenticate()" name="TC_VerifyMapSearchfromAmbiguityPageStd_UnAuthenticate" class="com.aol.functest.mobileweb.std.test.MobileWebTestStdUnAuthenticate"/>
      </group>
      <group name="authenticate">
        <method signature="com.aol.functest.mobileweb.adv.test.MobileWebTestAuthenticate.authenticate1()" name="authenticate1" class="com.aol.functest.mobileweb.adv.test.MobileWebTestAuthenticate"/>
        <method signature="com.aol.functest.mobileweb.std.test.MobileWebTestStdAuthenticate.authenticate1()" name="authenticate1" class="com.aol.functest.mobileweb.std.test.MobileWebTestStdAuthenticate"/>
      </group>
      <group name="groupSAR">
        <method signature="com.aol.functest.mobileweb.adv.test.MobileWebTestUnAuthenticate.TC_VerifyAlongtheRoutepagefunctionality_UnAuthenticate()" name="TC_VerifyAlongtheRoutepagefunctionality_UnAuthenticate" class="com.aol.functest.mobileweb.adv.test.MobileWebTestUnAuthenticate"/>
        <method signature="com.aol.functest.mobileweb.adv.test.MobileWebTestUnAuthenticate.TC_VerifyDirectionTextResultswith3routespageUI_UnAuthenticate([Ljava.lang.String;, [Ljava.lang.String;)" name="TC_VerifyDirectionTextResultswith3routespageUI_UnAuthenticate" class="com.aol.functest.mobileweb.adv.test.MobileWebTestUnAuthenticate"/>
        <method signature="com.aol.functest.mobileweb.adv.test.MobileWebTestUnAuthenticate.TC_VerifyDirectionsBusinessSearchResultspageUI_UnAuthenticate([Ljava.lang.String;, [Ljava.lang.String;)" name="TC_VerifyDirectionsBusinessSearchResultspageUI_UnAuthenticate" class="com.aol.functest.mobileweb.adv.test.MobileWebTestUnAuthenticate"/>
        <method signature="com.aol.functest.mobileweb.adv.test.MobileWebTestUnAuthenticate.TC_VerifyNearaLocationandsearchresultspageUIObject_UnAuthenticate([Ljava.lang.String;, [Ljava.lang.String;)" name="TC_VerifyNearaLocationandsearchresultspageUIObject_UnAuthenticate" class="com.aol.functest.mobileweb.adv.test.MobileWebTestUnAuthenticate"/>
        <method signature="com.aol.functest.mobileweb.adv.test.MobileWebTestUnAuthenticate.TC_VerifyAlongtheRoutepageUI_UnAuthenticate([Ljava.lang.String;, [Ljava.lang.String;)" name="TC_VerifyAlongtheRoutepageUI_UnAuthenticate" class="com.aol.functest.mobileweb.adv.test.MobileWebTestUnAuthenticate"/>
        <method signature="com.aol.functest.mobileweb.adv.test.MobileWebTestAuthenticate.TC_VerifyNearaLocationpageUIObject_Authenticate([Ljava.lang.String;, [Ljava.lang.String;)" name="TC_VerifyNearaLocationpageUIObject_Authenticate" class="com.aol.functest.mobileweb.adv.test.MobileWebTestAuthenticate"/>
        <method signature="com.aol.functest.mobileweb.adv.test.MobileWebTestAuthenticate.TC_VerifyAlongtheRoutepagefunctionality_Authenticate()" name="TC_VerifyAlongtheRoutepagefunctionality_Authenticate" class="com.aol.functest.mobileweb.adv.test.MobileWebTestAuthenticate"/>
        <method signature="com.aol.functest.mobileweb.adv.test.MobileWebTestAuthenticate.TC_VerifyDirectionTextResultswith3routespageUI_Authenticate([Ljava.lang.String;, [Ljava.lang.String;)" name="TC_VerifyDirectionTextResultswith3routespageUI_Authenticate" class="com.aol.functest.mobileweb.adv.test.MobileWebTestAuthenticate"/>
        <method signature="com.aol.functest.mobileweb.adv.test.MobileWebTestAuthenticate.TC_VerifyDirectionsBusinessSearchResultspageUI_Authenticate([Ljava.lang.String;, [Ljava.lang.String;)" name="TC_VerifyDirectionsBusinessSearchResultspageUI_Authenticate" class="com.aol.functest.mobileweb.adv.test.MobileWebTestAuthenticate"/>
        <method signature="com.aol.functest.mobileweb.adv.test.MobileWebTestAuthenticate.TC_VerifyAlongtheRoutepageUI_Authenticate([Ljava.lang.String;, [Ljava.lang.String;)" name="TC_VerifyAlongtheRoutepageUI_Authenticate" class="com.aol.functest.mobileweb.adv.test.MobileWebTestAuthenticate"/>
      </group>
      <group name="TrafficStd">
        <method signature="com.aol.functest.mobileweb.std.test.MobileWebTestStdAuthenticate.TC_VerifySearchTraffic_Authenticate()" name="TC_VerifySearchTraffic_Authenticate" class="com.aol.functest.mobileweb.std.test.MobileWebTestStdAuthenticate"/>
        <method signature="com.aol.functest.mobileweb.std.test.MobileWebTestStdAuthenticate.TC_VerifyMapTraffic_Authenticate()" name="TC_VerifyMapTraffic_Authenticate" class="com.aol.functest.mobileweb.std.test.MobileWebTestStdAuthenticate"/>
        <method signature="com.aol.functest.mobileweb.std.test.MobileWebTestStdUnAuthenticate.TC_VerifySearchTraffic_UnAuthenticate()" name="TC_VerifySearchTraffic_UnAuthenticate" class="com.aol.functest.mobileweb.std.test.MobileWebTestStdUnAuthenticate"/>
        <method signature="com.aol.functest.mobileweb.std.test.MobileWebTestStdAuthenticate.TC_VerifyDirectionsTraffic_Authenticate()" name="TC_VerifyDirectionsTraffic_Authenticate" class="com.aol.functest.mobileweb.std.test.MobileWebTestStdAuthenticate"/>
        <method signature="com.aol.functest.mobileweb.std.test.MobileWebTestStdUnAuthenticate.TC_VerifyDirectionsTraffic_UnAuthenticate()" name="TC_VerifyDirectionsTraffic_UnAuthenticate" class="com.aol.functest.mobileweb.std.test.MobileWebTestStdUnAuthenticate"/>
        <method signature="com.aol.functest.mobileweb.std.test.MobileWebTestStdUnAuthenticate.TC_VerifyMapTraffic_UnAuthenticate()" name="TC_VerifyMapTraffic_UnAuthenticate" class="com.aol.functest.mobileweb.std.test.MobileWebTestStdUnAuthenticate"/>
      </group>
      <group name="groupDeviceRedirection">
        <method signature="com.aol.functest.mobileweb.test.MobileWebRedirectionTest.TC_testRedirectionAgainstListOfUserAgents()" name="TC_testRedirectionAgainstListOfUserAgents" class="com.aol.functest.mobileweb.test.MobileWebRedirectionTest"/>
      </group>
      <group name="SavedandRecentStd">
        <method signature="com.aol.functest.mobileweb.std.test.MobileWebTestStdAuthenticate.TC_VerifySearchFormPageRecentLocationStd_Authenticate()" name="TC_VerifySearchFormPageRecentLocationStd_Authenticate" class="com.aol.functest.mobileweb.std.test.MobileWebTestStdAuthenticate"/>
        <method signature="com.aol.functest.mobileweb.std.test.MobileWebTestStdUnAuthenticate.TC_VerifySearchFormPageRecentLocationStd_UnAuthenticate()" name="TC_VerifySearchFormPageRecentLocationStd_UnAuthenticate" class="com.aol.functest.mobileweb.std.test.MobileWebTestStdUnAuthenticate"/>
        <method signature="com.aol.functest.mobileweb.std.test.MobileWebTestStdUnAuthenticate.TC_VerifyMapFormpageRecentLocationStd_UnAuthenticate()" name="TC_VerifyMapFormpageRecentLocationStd_UnAuthenticate" class="com.aol.functest.mobileweb.std.test.MobileWebTestStdUnAuthenticate"/>
        <method signature="com.aol.functest.mobileweb.std.test.MobileWebTestStdAuthenticate.TC_VerifyMapFormpageRecentLocationStd_Authenticate()" name="TC_VerifyMapFormpageRecentLocationStd_Authenticate" class="com.aol.functest.mobileweb.std.test.MobileWebTestStdAuthenticate"/>
        <method signature="com.aol.functest.mobileweb.std.test.MobileWebTestStdAuthenticate.TC_VerifySavedAndRecentFormPageUIObjectStd_Authenticate([Ljava.lang.String;, [Ljava.lang.String;)" name="TC_VerifySavedAndRecentFormPageUIObjectStd_Authenticate" class="com.aol.functest.mobileweb.std.test.MobileWebTestStdAuthenticate"/>
        <method signature="com.aol.functest.mobileweb.std.test.MobileWebTestStdUnAuthenticate.TC_VerifyDirectionFormPageRecentLocationStd_UNAuthenticate()" name="TC_VerifyDirectionFormPageRecentLocationStd_UNAuthenticate" class="com.aol.functest.mobileweb.std.test.MobileWebTestStdUnAuthenticate"/>
        <method signature="com.aol.functest.mobileweb.std.test.MobileWebTestStdAuthenticate.TC_VerifyDirectionFormPageRecentLocationStd_Authenticate()" name="TC_VerifyDirectionFormPageRecentLocationStd_Authenticate" class="com.aol.functest.mobileweb.std.test.MobileWebTestStdAuthenticate"/>
        <method signature="com.aol.functest.mobileweb.std.test.MobileWebTestStdUnAuthenticate.TC_VerifySavedAndRecentFormPageUIObjectStd_UnAuthenticate([Ljava.lang.String;, [Ljava.lang.String;)" name="TC_VerifySavedAndRecentFormPageUIObjectStd_UnAuthenticate" class="com.aol.functest.mobileweb.std.test.MobileWebTestStdUnAuthenticate"/>
      </group>
      <group name="DirectionsStd">
        <method signature="com.aol.functest.mobileweb.std.test.MobileWebTestStdAuthenticate.TC_VerifyChangeRouteOptionsFunctionality_Authenticate()" name="TC_VerifyChangeRouteOptionsFunctionality_Authenticate" class="com.aol.functest.mobileweb.std.test.MobileWebTestStdAuthenticate"/>
        <method signature="com.aol.functest.mobileweb.std.test.MobileWebTestStdUnAuthenticate.TC_VerifyFindBusinessNearbyFunctionality_UnAuthenticate()" name="TC_VerifyFindBusinessNearbyFunctionality_UnAuthenticate" class="com.aol.functest.mobileweb.std.test.MobileWebTestStdUnAuthenticate"/>
        <method signature="com.aol.functest.mobileweb.std.test.MobileWebTestStdUnAuthenticate.TC_NearALocationStdUI_UnAuthenticate([Ljava.lang.String;, [Ljava.lang.String;)" name="TC_NearALocationStdUI_UnAuthenticate" class="com.aol.functest.mobileweb.std.test.MobileWebTestStdUnAuthenticate"/>
        <method signature="com.aol.functest.mobileweb.std.test.MobileWebTestStdUnAuthenticate.TC_VerifyDirectionspagewithoutlocation_UnAuthenticate()" name="TC_VerifyDirectionspagewithoutlocation_UnAuthenticate" class="com.aol.functest.mobileweb.std.test.MobileWebTestStdUnAuthenticate"/>
        <method signature="com.aol.functest.mobileweb.std.test.MobileWebTestStdUnAuthenticate.TC_VerifyDirectionspageStdwithstartlocation_UnAuthenticate()" name="TC_VerifyDirectionspageStdwithstartlocation_UnAuthenticate" class="com.aol.functest.mobileweb.std.test.MobileWebTestStdUnAuthenticate"/>
        <method signature="com.aol.functest.mobileweb.std.test.MobileWebTestStdUnAuthenticate.TC_VerifyDirectionResultPageUIStd_UnAuthenticate([Ljava.lang.String;, [Ljava.lang.String;)" name="TC_VerifyDirectionResultPageUIStd_UnAuthenticate" class="com.aol.functest.mobileweb.std.test.MobileWebTestStdUnAuthenticate"/>
        <method signature="com.aol.functest.mobileweb.std.test.MobileWebTestStdAuthenticate.TC_VerifyViewTrafficFunctionality_Authenticate()" name="TC_VerifyViewTrafficFunctionality_Authenticate" class="com.aol.functest.mobileweb.std.test.MobileWebTestStdAuthenticate"/>
        <method signature="com.aol.functest.mobileweb.std.test.MobileWebTestStdAuthenticate.TC_VerifyDirectionResultPageUIStd_Authenticate([Ljava.lang.String;, [Ljava.lang.String;)" name="TC_VerifyDirectionResultPageUIStd_Authenticate" class="com.aol.functest.mobileweb.std.test.MobileWebTestStdAuthenticate"/>
        <method signature="com.aol.functest.mobileweb.std.test.MobileWebTestStdUnAuthenticate.TC_VerifyChangeRouteOptionsFunctionality_UnAuthenticate()" name="TC_VerifyChangeRouteOptionsFunctionality_UnAuthenticate" class="com.aol.functest.mobileweb.std.test.MobileWebTestStdUnAuthenticate"/>
        <method signature="com.aol.functest.mobileweb.std.test.MobileWebTestStdAuthenticate.TC_VerifyDirectionspagewithoutlocation_Authenticate()" name="TC_VerifyDirectionspagewithoutlocation_Authenticate" class="com.aol.functest.mobileweb.std.test.MobileWebTestStdAuthenticate"/>
        <method signature="com.aol.functest.mobileweb.std.test.MobileWebTestStdAuthenticate.TC_VerifyRouteOptionsPageUIStd_Authenticate([Ljava.lang.String;, [Ljava.lang.String;)" name="TC_VerifyRouteOptionsPageUIStd_Authenticate" class="com.aol.functest.mobileweb.std.test.MobileWebTestStdAuthenticate"/>
        <method signature="com.aol.functest.mobileweb.std.test.MobileWebTestStdAuthenticate.TC_VerifyDirectionFormPageStdUIObject_Authenticate([Ljava.lang.String;, [Ljava.lang.String;)" name="TC_VerifyDirectionFormPageStdUIObject_Authenticate" class="com.aol.functest.mobileweb.std.test.MobileWebTestStdAuthenticate"/>
        <method signature="com.aol.functest.mobileweb.std.test.MobileWebTestStdUnAuthenticate.TC_VerifyDirResultPageMapObjectStd_UnAuthenticate([Ljava.lang.String;, [Ljava.lang.String;)" name="TC_VerifyDirResultPageMapObjectStd_UnAuthenticate" class="com.aol.functest.mobileweb.std.test.MobileWebTestStdUnAuthenticate"/>
        <method signature="com.aol.functest.mobileweb.std.test.MobileWebTestStdAuthenticate.TC_NearALocationStdUI_Authenticate([Ljava.lang.String;, [Ljava.lang.String;)" name="TC_NearALocationStdUI_Authenticate" class="com.aol.functest.mobileweb.std.test.MobileWebTestStdAuthenticate"/>
        <method signature="com.aol.functest.mobileweb.std.test.MobileWebTestStdAuthenticate.TC_VerifyDirectionspageStdwithstartlocation_Authenticate()" name="TC_VerifyDirectionspageStdwithstartlocation_Authenticate" class="com.aol.functest.mobileweb.std.test.MobileWebTestStdAuthenticate"/>
        <method signature="com.aol.functest.mobileweb.std.test.MobileWebTestStdUnAuthenticate.TC_VerifyRouteOptionsPageUIStd_UnAuthenticate([Ljava.lang.String;, [Ljava.lang.String;)" name="TC_VerifyRouteOptionsPageUIStd_UnAuthenticate" class="com.aol.functest.mobileweb.std.test.MobileWebTestStdUnAuthenticate"/>
        <method signature="com.aol.functest.mobileweb.std.test.MobileWebTestStdUnAuthenticate.TC_VerifyViewTrafficFunctionality_UnAuthenticate()" name="TC_VerifyViewTrafficFunctionality_UnAuthenticate" class="com.aol.functest.mobileweb.std.test.MobileWebTestStdUnAuthenticate"/>
        <method signature="com.aol.functest.mobileweb.std.test.MobileWebTestStdUnAuthenticate.TC_VerifyDirectionFormPageStdUIObject_UnAuthenticate([Ljava.lang.String;, [Ljava.lang.String;)" name="TC_VerifyDirectionFormPageStdUIObject_UnAuthenticate" class="com.aol.functest.mobileweb.std.test.MobileWebTestStdUnAuthenticate"/>
        <method signature="com.aol.functest.mobileweb.std.test.MobileWebTestStdAuthenticate.TC_VerifyDirResultPageMapObjectStd_Authenticate([Ljava.lang.String;, [Ljava.lang.String;)" name="TC_VerifyDirResultPageMapObjectStd_Authenticate" class="com.aol.functest.mobileweb.std.test.MobileWebTestStdAuthenticate"/>
        <method signature="com.aol.functest.mobileweb.std.test.MobileWebTestStdAuthenticate.TC_VerifyFindBusinessNearbyFunctionality_Authenticate()" name="TC_VerifyFindBusinessNearbyFunctionality_Authenticate" class="com.aol.functest.mobileweb.std.test.MobileWebTestStdAuthenticate"/>
      </group>
      <group name="groupGeodiff">
        <method signature="com.aol.functest.mobileweb.adv.test.MobileWebTestUnAuthenticate.TC_VerifyDirectionSearchAmbiguityAndGeodiff_UnAuthenticate()" name="TC_VerifyDirectionSearchAmbiguityAndGeodiff_UnAuthenticate" class="com.aol.functest.mobileweb.adv.test.MobileWebTestUnAuthenticate"/>
        <method signature="com.aol.functest.mobileweb.adv.test.MobileWebTestUnAuthenticate.TC_VerifyMapSearchfromAmbiguityPage_UnAuthenticate()" name="TC_VerifyMapSearchfromAmbiguityPage_UnAuthenticate" class="com.aol.functest.mobileweb.adv.test.MobileWebTestUnAuthenticate"/>
        <method signature="com.aol.functest.mobileweb.adv.test.MobileWebTestUnAuthenticate.TC_VerifyBusinessSearchfromAmbiguityPage_UnAuthenticate()" name="TC_VerifyBusinessSearchfromAmbiguityPage_UnAuthenticate" class="com.aol.functest.mobileweb.adv.test.MobileWebTestUnAuthenticate"/>
        <method signature="com.aol.functest.mobileweb.adv.test.MobileWebTestUnAuthenticate.TC_VerifyMapSearchformGeoDiffPage_UnAuthenticate()" name="TC_VerifyMapSearchformGeoDiffPage_UnAuthenticate" class="com.aol.functest.mobileweb.adv.test.MobileWebTestUnAuthenticate"/>
        <method signature="com.aol.functest.mobileweb.adv.test.MobileWebTestUnAuthenticate.TC_VerifyBusinessSearchfromGeodiffPage_UnAuthenticate()" name="TC_VerifyBusinessSearchfromGeodiffPage_UnAuthenticate" class="com.aol.functest.mobileweb.adv.test.MobileWebTestUnAuthenticate"/>
        <method signature="com.aol.functest.mobileweb.adv.test.MobileWebTestAuthenticate.TC_VerifyDirectionFormGepDiffPage_Authenticate([Ljava.lang.String;, [Ljava.lang.String;)" name="TC_VerifyDirectionFormGepDiffPage_Authenticate" class="com.aol.functest.mobileweb.adv.test.MobileWebTestAuthenticate"/>
        <method signature="com.aol.functest.mobileweb.adv.test.MobileWebTestAuthenticate.TC_VerifyMapFormGeoDiffPage_Authenticate([Ljava.lang.String;, [Ljava.lang.String;)" name="TC_VerifyMapFormGeoDiffPage_Authenticate" class="com.aol.functest.mobileweb.adv.test.MobileWebTestAuthenticate"/>
        <method signature="com.aol.functest.mobileweb.adv.test.MobileWebTestAuthenticate.TC_VerifyDirectionSearchAmbiguityAndGeodiff_Authenticate()" name="TC_VerifyDirectionSearchAmbiguityAndGeodiff_Authenticate" class="com.aol.functest.mobileweb.adv.test.MobileWebTestAuthenticate"/>
        <method signature="com.aol.functest.mobileweb.adv.test.MobileWebTestAuthenticate.TC_VerifyBusinessSearchfromAmbiguityPage_Authenticate()" name="TC_VerifyBusinessSearchfromAmbiguityPage_Authenticate" class="com.aol.functest.mobileweb.adv.test.MobileWebTestAuthenticate"/>
        <method signature="com.aol.functest.mobileweb.adv.test.MobileWebTestAuthenticate.TC_VerifyMapSearchformGeoDiffPage_Authenticate()" name="TC_VerifyMapSearchformGeoDiffPage_Authenticate" class="com.aol.functest.mobileweb.adv.test.MobileWebTestAuthenticate"/>
        <method signature="com.aol.functest.mobileweb.adv.test.MobileWebTestAuthenticate.TC_VerifyMapSearchfromAmbiguityPage_Authenticate()" name="TC_VerifyMapSearchfromAmbiguityPage_Authenticate" class="com.aol.functest.mobileweb.adv.test.MobileWebTestAuthenticate"/>
        <method signature="com.aol.functest.mobileweb.adv.test.MobileWebTestAuthenticate.TC_VerifyBusinessSearchfromGeodiffPage_Authenticate()" name="TC_VerifyBusinessSearchfromGeodiffPage_Authenticate" class="com.aol.functest.mobileweb.adv.test.MobileWebTestAuthenticate"/>
        <method signature="com.aol.functest.mobileweb.adv.test.MobileWebTestUnAuthenticate.TC_VerifyMapFormGeoDiffPage_UnAuthenticate([Ljava.lang.String;, [Ljava.lang.String;)" name="TC_VerifyMapFormGeoDiffPage_UnAuthenticate" class="com.aol.functest.mobileweb.adv.test.MobileWebTestUnAuthenticate"/>
        <method signature="com.aol.functest.mobileweb.adv.test.MobileWebTestUnAuthenticate.TC_VerifySearchFormGeoDiffPage_UnAuthenticate([Ljava.lang.String;, [Ljava.lang.String;)" name="TC_VerifySearchFormGeoDiffPage_UnAuthenticate" class="com.aol.functest.mobileweb.adv.test.MobileWebTestUnAuthenticate"/>
        <method signature="com.aol.functest.mobileweb.adv.test.MobileWebTestUnAuthenticate.TC_VerifyDirectionFormGepDiffPage_UnAuthenticate([Ljava.lang.String;, [Ljava.lang.String;)" name="TC_VerifyDirectionFormGepDiffPage_UnAuthenticate" class="com.aol.functest.mobileweb.adv.test.MobileWebTestUnAuthenticate"/>
        <method signature="com.aol.functest.mobileweb.adv.test.MobileWebTestAuthenticate.TC_VerifySearchFormGeoDiffPage_Authenticate([Ljava.lang.String;, [Ljava.lang.String;)" name="TC_VerifySearchFormGeoDiffPage_Authenticate" class="com.aol.functest.mobileweb.adv.test.MobileWebTestAuthenticate"/>
      </group>
      <group name="groupSearch">
        <method signature="com.aol.functest.mobileweb.adv.test.MobileWebTestUnAuthenticate.TC_VerifySearchFormPageUIObject_UnAuthenticate([Ljava.lang.String;, [Ljava.lang.String;)" name="TC_VerifySearchFormPageUIObject_UnAuthenticate" class="com.aol.functest.mobileweb.adv.test.MobileWebTestUnAuthenticate"/>
        <method signature="com.aol.functest.mobileweb.adv.test.MobileWebTestUnAuthenticate.TC_SearchMapResultPageUIFromSearchResultGETMAPClick_UnAuthenticate([Ljava.lang.String;, [Ljava.lang.String;)" name="TC_SearchMapResultPageUIFromSearchResultGETMAPClick_UnAuthenticate" class="com.aol.functest.mobileweb.adv.test.MobileWebTestUnAuthenticate"/>
        <method signature="com.aol.functest.mobileweb.adv.test.MobileWebTestUnAuthenticate.TC_SearchMapResultPageUIFromSearchResultGETDirectionClick_UnAuthenticate()" name="TC_SearchMapResultPageUIFromSearchResultGETDirectionClick_UnAuthenticate" class="com.aol.functest.mobileweb.adv.test.MobileWebTestUnAuthenticate"/>
        <method signature="com.aol.functest.mobileweb.adv.test.MobileWebTestUnAuthenticate.TC_VerifySearchUsingSearchByCatagory_UnAuthenticate([Ljava.lang.String;, [Ljava.lang.String;)" name="TC_VerifySearchUsingSearchByCatagory_UnAuthenticate" class="com.aol.functest.mobileweb.adv.test.MobileWebTestUnAuthenticate"/>
        <method signature="com.aol.functest.mobileweb.adv.test.MobileWebTestUnAuthenticate.TC_VerifySearchMapResultPageUIObject_UnAuthenticate([Ljava.lang.String;, [Ljava.lang.String;)" name="TC_VerifySearchMapResultPageUIObject_UnAuthenticate" class="com.aol.functest.mobileweb.adv.test.MobileWebTestUnAuthenticate"/>
        <method signature="com.aol.functest.mobileweb.adv.test.MobileWebTestUnAuthenticate.TC_VerifySearchMapResultPageMapObject_UnAuthenticate([Ljava.lang.String;, [Ljava.lang.String;)" name="TC_VerifySearchMapResultPageMapObject_UnAuthenticate" class="com.aol.functest.mobileweb.adv.test.MobileWebTestUnAuthenticate"/>
        <method signature="com.aol.functest.mobileweb.adv.test.MobileWebTestUnAuthenticate.TC_VerifySearchFormSearchByCatagory_UnAuthenticate([Ljava.lang.String;, [Ljava.lang.String;)" name="TC_VerifySearchFormSearchByCatagory_UnAuthenticate" class="com.aol.functest.mobileweb.adv.test.MobileWebTestUnAuthenticate"/>
        <method signature="com.aol.functest.mobileweb.adv.test.MobileWebTestUnAuthenticate.TC_SearchMapResultPageUIFromSearchResultItemClick_UnAuthenticate([Ljava.lang.String;, [Ljava.lang.String;)" name="TC_SearchMapResultPageUIFromSearchResultItemClick_UnAuthenticate" class="com.aol.functest.mobileweb.adv.test.MobileWebTestUnAuthenticate"/>
        <method signature="com.aol.functest.mobileweb.adv.test.MobileWebTestAuthenticate.TC_VerifySearchFormPageUIObject_Authenticate([Ljava.lang.String;, [Ljava.lang.String;)" name="TC_VerifySearchFormPageUIObject_Authenticate" class="com.aol.functest.mobileweb.adv.test.MobileWebTestAuthenticate"/>
        <method signature="com.aol.functest.mobileweb.adv.test.MobileWebTestAuthenticate.TC_VerifySearchUsingSearchByCatagory_Authenticate([Ljava.lang.String;, [Ljava.lang.String;)" name="TC_VerifySearchUsingSearchByCatagory_Authenticate" class="com.aol.functest.mobileweb.adv.test.MobileWebTestAuthenticate"/>
        <method signature="com.aol.functest.mobileweb.adv.test.MobileWebTestAuthenticate.TC_VerifySearchTextResultPageUIObject_Authenticate([Ljava.lang.String;, [Ljava.lang.String;)" name="TC_VerifySearchTextResultPageUIObject_Authenticate" class="com.aol.functest.mobileweb.adv.test.MobileWebTestAuthenticate"/>
        <method signature="com.aol.functest.mobileweb.adv.test.MobileWebTestAuthenticate.TC_SearchMapResultPageUIFromSearchResultGETDirectionClick_Authenticate()" name="TC_SearchMapResultPageUIFromSearchResultGETDirectionClick_Authenticate" class="com.aol.functest.mobileweb.adv.test.MobileWebTestAuthenticate"/>
        <method signature="com.aol.functest.mobileweb.adv.test.MobileWebTestAuthenticate.TC_SearchMapResultPageUIFromSearchResultItemClick_Authenticate([Ljava.lang.String;, [Ljava.lang.String;)" name="TC_SearchMapResultPageUIFromSearchResultItemClick_Authenticate" class="com.aol.functest.mobileweb.adv.test.MobileWebTestAuthenticate"/>
        <method signature="com.aol.functest.mobileweb.adv.test.MobileWebTestAuthenticate.TC_VerifyRefineSearchResultPage_Authenticate()" name="TC_VerifyRefineSearchResultPage_Authenticate" class="com.aol.functest.mobileweb.adv.test.MobileWebTestAuthenticate"/>
        <method signature="com.aol.functest.mobileweb.adv.test.MobileWebTestAuthenticate.TC_SearchMapResultPageUIFromSearchResultGETMAPClick_Authenticate([Ljava.lang.String;, [Ljava.lang.String;)" name="TC_SearchMapResultPageUIFromSearchResultGETMAPClick_Authenticate" class="com.aol.functest.mobileweb.adv.test.MobileWebTestAuthenticate"/>
        <method signature="com.aol.functest.mobileweb.adv.test.MobileWebTestAuthenticate.TC_VerifyRefineSearchFormPage_Authenticate([Ljava.lang.String;, [Ljava.lang.String;)" name="TC_VerifyRefineSearchFormPage_Authenticate" class="com.aol.functest.mobileweb.adv.test.MobileWebTestAuthenticate"/>
        <method signature="com.aol.functest.mobileweb.adv.test.MobileWebTestAuthenticate.TC_VerifySearchMapResultPageMapObject_Authenticate([Ljava.lang.String;, [Ljava.lang.String;)" name="TC_VerifySearchMapResultPageMapObject_Authenticate" class="com.aol.functest.mobileweb.adv.test.MobileWebTestAuthenticate"/>
        <method signature="com.aol.functest.mobileweb.adv.test.MobileWebTestUnAuthenticate.TC_VerifySearchTextResultPageUIObject_UnAuthenticate([Ljava.lang.String;, [Ljava.lang.String;)" name="TC_VerifySearchTextResultPageUIObject_UnAuthenticate" class="com.aol.functest.mobileweb.adv.test.MobileWebTestUnAuthenticate"/>
        <method signature="com.aol.functest.mobileweb.adv.test.MobileWebTestAuthenticate.TC_VerifySearchFormSearchByCatagory_Authenticate([Ljava.lang.String;, [Ljava.lang.String;)" name="TC_VerifySearchFormSearchByCatagory_Authenticate" class="com.aol.functest.mobileweb.adv.test.MobileWebTestAuthenticate"/>
        <method signature="com.aol.functest.mobileweb.adv.test.MobileWebTestUnAuthenticate.TC_VerifyRefineSearchResultPage_UnAuthenticate()" name="TC_VerifyRefineSearchResultPage_UnAuthenticate" class="com.aol.functest.mobileweb.adv.test.MobileWebTestUnAuthenticate"/>
        <method signature="com.aol.functest.mobileweb.adv.test.MobileWebTestUnAuthenticate.TC_VerifyRefineSearchFormPage_UnAuthenticate([Ljava.lang.String;, [Ljava.lang.String;)" name="TC_VerifyRefineSearchFormPage_UnAuthenticate" class="com.aol.functest.mobileweb.adv.test.MobileWebTestUnAuthenticate"/>
      </group>
      <group name="unauthenticate">
        <method signature="com.aol.functest.mobileweb.adv.test.MobileWebTestUnAuthenticate.unAuthenticate()" name="unAuthenticate" class="com.aol.functest.mobileweb.adv.test.MobileWebTestUnAuthenticate"/>
        <method signature="com.aol.functest.mobileweb.std.test.MobileWebTestStdUnAuthenticate.unAuthenticate()" name="unAuthenticate" class="com.aol.functest.mobileweb.std.test.MobileWebTestStdUnAuthenticate"/>
      </group>
      <group name="groupDirection">
        <method signature="com.aol.functest.mobileweb.adv.test.MobileWebTestUnAuthenticate.TC_VerifyDirectionMapWithShortestTime_UnAuthenticate()" name="TC_VerifyDirectionMapWithShortestTime_UnAuthenticate" class="com.aol.functest.mobileweb.adv.test.MobileWebTestUnAuthenticate"/>
        <method signature="com.aol.functest.mobileweb.adv.test.MobileWebTestUnAuthenticate.TC_VerfifyDirectionspagewithoutlocation_UnAuthenticate()" name="TC_VerfifyDirectionspagewithoutlocation_UnAuthenticate" class="com.aol.functest.mobileweb.adv.test.MobileWebTestUnAuthenticate"/>
        <method signature="com.aol.functest.mobileweb.adv.test.MobileWebTestUnAuthenticate.TC_VerifyDirectionMapClickRoadNarative_UnAuthenticate([Ljava.lang.String;, [Ljava.lang.String;)" name="TC_VerifyDirectionMapClickRoadNarative_UnAuthenticate" class="com.aol.functest.mobileweb.adv.test.MobileWebTestUnAuthenticate"/>
        <method signature="com.aol.functest.mobileweb.adv.test.MobileWebTestAuthenticate.TC_VerifyDirectionFormPageUIObject_Authenticate([Ljava.lang.String;, [Ljava.lang.String;)" name="TC_VerifyDirectionFormPageUIObject_Authenticate" class="com.aol.functest.mobileweb.adv.test.MobileWebTestAuthenticate"/>
        <method signature="com.aol.functest.mobileweb.adv.test.MobileWebTestUnAuthenticate.TC_VerifyRecalculateRouteOptions_UnAuthenticate()" name="TC_VerifyRecalculateRouteOptions_UnAuthenticate" class="com.aol.functest.mobileweb.adv.test.MobileWebTestUnAuthenticate"/>
        <method signature="com.aol.functest.mobileweb.adv.test.MobileWebTestUnAuthenticate.TC_VerifyDirectionMapClickRoadshield_UnAuthenticate([Ljava.lang.String;, [Ljava.lang.String;)" name="TC_VerifyDirectionMapClickRoadshield_UnAuthenticate" class="com.aol.functest.mobileweb.adv.test.MobileWebTestUnAuthenticate"/>
        <method signature="com.aol.functest.mobileweb.adv.test.MobileWebTestUnAuthenticate.TC_VerifyDirectionMapWithAvoidSeasonallyClosedRoads_UnAuthenticate()" name="TC_VerifyDirectionMapWithAvoidSeasonallyClosedRoads_UnAuthenticate" class="com.aol.functest.mobileweb.adv.test.MobileWebTestUnAuthenticate"/>
        <method signature="com.aol.functest.mobileweb.adv.test.MobileWebTestUnAuthenticate.TC_VerifyRouteOptionsPopupPage_UnAuthenticate([Ljava.lang.String;, [Ljava.lang.String;)" name="TC_VerifyRouteOptionsPopupPage_UnAuthenticate" class="com.aol.functest.mobileweb.adv.test.MobileWebTestUnAuthenticate"/>
        <method signature="com.aol.functest.mobileweb.adv.test.MobileWebTestUnAuthenticate.TC_VerifyDirectionMapWithWalkingDirection_UnAuthenticate()" name="TC_VerifyDirectionMapWithWalkingDirection_UnAuthenticate" class="com.aol.functest.mobileweb.adv.test.MobileWebTestUnAuthenticate"/>
        <method signature="com.aol.functest.mobileweb.adv.test.MobileWebTestUnAuthenticate.TC_VerifyDirectionFormPageUIObject_UnAuthenticate([Ljava.lang.String;, [Ljava.lang.String;)" name="TC_VerifyDirectionFormPageUIObject_UnAuthenticate" class="com.aol.functest.mobileweb.adv.test.MobileWebTestUnAuthenticate"/>
        <method signature="com.aol.functest.mobileweb.adv.test.MobileWebTestUnAuthenticate.TC_VerifyDirectionMapResultPageUIObject_UnAuthenticate([Ljava.lang.String;, [Ljava.lang.String;)" name="TC_VerifyDirectionMapResultPageUIObject_UnAuthenticate" class="com.aol.functest.mobileweb.adv.test.MobileWebTestUnAuthenticate"/>
        <method signature="com.aol.functest.mobileweb.adv.test.MobileWebTestAuthenticate.TC_VerifyDirectionMapWithAvoidSeasonallyClosedRoads_Authenticate()" name="TC_VerifyDirectionMapWithAvoidSeasonallyClosedRoads_Authenticate" class="com.aol.functest.mobileweb.adv.test.MobileWebTestAuthenticate"/>
        <method signature="com.aol.functest.mobileweb.adv.test.MobileWebTestAuthenticate.TC_VerifyDirectionTextResultPageUIObject_Authenticate([Ljava.lang.String;, [Ljava.lang.String;)" name="TC_VerifyDirectionTextResultPageUIObject_Authenticate" class="com.aol.functest.mobileweb.adv.test.MobileWebTestAuthenticate"/>
        <method signature="com.aol.functest.mobileweb.adv.test.MobileWebTestAuthenticate.TC_VerifyDirectionMapWithShortestTime_Authenticate()" name="TC_VerifyDirectionMapWithShortestTime_Authenticate" class="com.aol.functest.mobileweb.adv.test.MobileWebTestAuthenticate"/>
        <method signature="com.aol.functest.mobileweb.adv.test.MobileWebTestAuthenticate.TC_VerifyDirectionMapWithAvoidTollRoad_Authenticate()" name="TC_VerifyDirectionMapWithAvoidTollRoad_Authenticate" class="com.aol.functest.mobileweb.adv.test.MobileWebTestAuthenticate"/>
        <method signature="com.aol.functest.mobileweb.adv.test.MobileWebTestAuthenticate.TC_VerifyDirectionMapClickRoadNarative_Authenticate([Ljava.lang.String;, [Ljava.lang.String;)" name="TC_VerifyDirectionMapClickRoadNarative_Authenticate" class="com.aol.functest.mobileweb.adv.test.MobileWebTestAuthenticate"/>
        <method signature="com.aol.functest.mobileweb.adv.test.MobileWebTestAuthenticate.TC_VerifyDirectionMapWithShortestDistance_Authenticate()" name="TC_VerifyDirectionMapWithShortestDistance_Authenticate" class="com.aol.functest.mobileweb.adv.test.MobileWebTestAuthenticate"/>
        <method signature="com.aol.functest.mobileweb.adv.test.MobileWebTestAuthenticate.TC_VerifyDirectionspagewithstartlocation_Authenticate()" name="TC_VerifyDirectionspagewithstartlocation_Authenticate" class="com.aol.functest.mobileweb.adv.test.MobileWebTestAuthenticate"/>
        <method signature="com.aol.functest.mobileweb.adv.test.MobileWebTestAuthenticate.TC_VerifyRouteOptionsPopupPage_Authenticate([Ljava.lang.String;, [Ljava.lang.String;)" name="TC_VerifyRouteOptionsPopupPage_Authenticate" class="com.aol.functest.mobileweb.adv.test.MobileWebTestAuthenticate"/>
        <method signature="com.aol.functest.mobileweb.adv.test.MobileWebTestAuthenticate.TC_VerifyDirectionMapWithWalkingDirection_Authenticate()" name="TC_VerifyDirectionMapWithWalkingDirection_Authenticate" class="com.aol.functest.mobileweb.adv.test.MobileWebTestAuthenticate"/>
        <method signature="com.aol.functest.mobileweb.adv.test.MobileWebTestAuthenticate.TC_VerifyDirectionMapResultPageMapObject_Authenticate([Ljava.lang.String;, [Ljava.lang.String;)" name="TC_VerifyDirectionMapResultPageMapObject_Authenticate" class="com.aol.functest.mobileweb.adv.test.MobileWebTestAuthenticate"/>
        <method signature="com.aol.functest.mobileweb.adv.test.MobileWebTestAuthenticate.TC_VerifyDirectionMapClickRoadshield_Authenticate([Ljava.lang.String;, [Ljava.lang.String;)" name="TC_VerifyDirectionMapClickRoadshield_Authenticate" class="com.aol.functest.mobileweb.adv.test.MobileWebTestAuthenticate"/>
        <method signature="com.aol.functest.mobileweb.adv.test.MobileWebTestAuthenticate.TC_VerfifyDirectionspagewithoutlocation_Authenticate()" name="TC_VerfifyDirectionspagewithoutlocation_Authenticate" class="com.aol.functest.mobileweb.adv.test.MobileWebTestAuthenticate"/>
        <method signature="com.aol.functest.mobileweb.adv.test.MobileWebTestAuthenticate.TC_VerifyDirectionMapWithAvoidHighways_Authenticate()" name="TC_VerifyDirectionMapWithAvoidHighways_Authenticate" class="com.aol.functest.mobileweb.adv.test.MobileWebTestAuthenticate"/>
        <method signature="com.aol.functest.mobileweb.adv.test.MobileWebTestAuthenticate.TC_VerifyDirectionMapResultPageUIObject_Authenticate([Ljava.lang.String;, [Ljava.lang.String;)" name="TC_VerifyDirectionMapResultPageUIObject_Authenticate" class="com.aol.functest.mobileweb.adv.test.MobileWebTestAuthenticate"/>
        <method signature="com.aol.functest.mobileweb.adv.test.MobileWebTestAuthenticate.TC_VerifyRecalculateRouteOptions_Authenticate()" name="TC_VerifyRecalculateRouteOptions_Authenticate" class="com.aol.functest.mobileweb.adv.test.MobileWebTestAuthenticate"/>
        <method signature="com.aol.functest.mobileweb.adv.test.MobileWebTestUnAuthenticate.TC_VerifyDirectionTextResultPageUIObject_UnAuthenticate([Ljava.lang.String;, [Ljava.lang.String;)" name="TC_VerifyDirectionTextResultPageUIObject_UnAuthenticate" class="com.aol.functest.mobileweb.adv.test.MobileWebTestUnAuthenticate"/>
        <method signature="com.aol.functest.mobileweb.adv.test.MobileWebTestUnAuthenticate.TC_VerifyDirectionspagewithstartlocation_UnAuthenticate()" name="TC_VerifyDirectionspagewithstartlocation_UnAuthenticate" class="com.aol.functest.mobileweb.adv.test.MobileWebTestUnAuthenticate"/>
        <method signature="com.aol.functest.mobileweb.adv.test.MobileWebTestUnAuthenticate.TC_VerifyDirectionMapResultPageMapObject_UnAuthenticate([Ljava.lang.String;, [Ljava.lang.String;)" name="TC_VerifyDirectionMapResultPageMapObject_UnAuthenticate" class="com.aol.functest.mobileweb.adv.test.MobileWebTestUnAuthenticate"/>
        <method signature="com.aol.functest.mobileweb.adv.test.MobileWebTestUnAuthenticate.TC_VerifyDirectionMapWithAvoidTollRoad_UnAuthenticate()" name="TC_VerifyDirectionMapWithAvoidTollRoad_UnAuthenticate" class="com.aol.functest.mobileweb.adv.test.MobileWebTestUnAuthenticate"/>
        <method signature="com.aol.functest.mobileweb.adv.test.MobileWebTestUnAuthenticate.TC_VerifyDirectionMapWithAvoidHighways_UnAuthenticate()" name="TC_VerifyDirectionMapWithAvoidHighways_UnAuthenticate" class="com.aol.functest.mobileweb.adv.test.MobileWebTestUnAuthenticate"/>
        <method signature="com.aol.functest.mobileweb.adv.test.MobileWebTestUnAuthenticate.TC_VerifyDirectionMapWithShortestDistance_UnAuthenticate()" name="TC_VerifyDirectionMapWithShortestDistance_UnAuthenticate" class="com.aol.functest.mobileweb.adv.test.MobileWebTestUnAuthenticate"/>
      </group>
      <group name="AmbiguityStd">
        <method signature="com.aol.functest.mobileweb.std.test.MobileWebTestStdAuthenticate.TC_VerifyBusinessSearchfromAmbiguityPageStd_Authenticate()" name="TC_VerifyBusinessSearchfromAmbiguityPageStd_Authenticate" class="com.aol.functest.mobileweb.std.test.MobileWebTestStdAuthenticate"/>
        <method signature="com.aol.functest.mobileweb.std.test.MobileWebTestStdAuthenticate.TC_VerifyDirectionFormAmbiguityPageStd_Authenticate([Ljava.lang.String;, [Ljava.lang.String;)" name="TC_VerifyDirectionFormAmbiguityPageStd_Authenticate" class="com.aol.functest.mobileweb.std.test.MobileWebTestStdAuthenticate"/>
        <method signature="com.aol.functest.mobileweb.std.test.MobileWebTestStdUnAuthenticate.TC_VerifyBusinessSearchfromGeodiffPageStd_UnAuthenticate()" name="TC_VerifyBusinessSearchfromGeodiffPageStd_UnAuthenticate" class="com.aol.functest.mobileweb.std.test.MobileWebTestStdUnAuthenticate"/>
        <method signature="com.aol.functest.mobileweb.std.test.MobileWebTestStdUnAuthenticate.TC_VerifyMapFormAmbiguityPageStd_UnAuthenticate([Ljava.lang.String;, [Ljava.lang.String;)" name="TC_VerifyMapFormAmbiguityPageStd_UnAuthenticate" class="com.aol.functest.mobileweb.std.test.MobileWebTestStdUnAuthenticate"/>
        <method signature="com.aol.functest.mobileweb.std.test.MobileWebTestStdAuthenticate.TC_VerifyBusinessSearchfromGeodiffPageStd_Authenticate()" name="TC_VerifyBusinessSearchfromGeodiffPageStd_Authenticate" class="com.aol.functest.mobileweb.std.test.MobileWebTestStdAuthenticate"/>
        <method signature="com.aol.functest.mobileweb.std.test.MobileWebTestStdUnAuthenticate.TC_VerifySearchFormAmbiguityPageStd_UnAuthenticate([Ljava.lang.String;, [Ljava.lang.String;)" name="TC_VerifySearchFormAmbiguityPageStd_UnAuthenticate" class="com.aol.functest.mobileweb.std.test.MobileWebTestStdUnAuthenticate"/>
        <method signature="com.aol.functest.mobileweb.std.test.MobileWebTestStdAuthenticate.TC_VerifySearchFormAmbiguityPageStd_Authenticate([Ljava.lang.String;, [Ljava.lang.String;)" name="TC_VerifySearchFormAmbiguityPageStd_Authenticate" class="com.aol.functest.mobileweb.std.test.MobileWebTestStdAuthenticate"/>
        <method signature="com.aol.functest.mobileweb.std.test.MobileWebTestStdUnAuthenticate.TC_VerifyDirectionFormAmbiguityPageStd_UnAuthenticate([Ljava.lang.String;, [Ljava.lang.String;)" name="TC_VerifyDirectionFormAmbiguityPageStd_UnAuthenticate" class="com.aol.functest.mobileweb.std.test.MobileWebTestStdUnAuthenticate"/>
        <method signature="com.aol.functest.mobileweb.std.test.MobileWebTestStdAuthenticate.TC_VerifyMapFormAmbiguityPageStd_Authenticate([Ljava.lang.String;, [Ljava.lang.String;)" name="TC_VerifyMapFormAmbiguityPageStd_Authenticate" class="com.aol.functest.mobileweb.std.test.MobileWebTestStdAuthenticate"/>
        <method signature="com.aol.functest.mobileweb.std.test.MobileWebTestStdUnAuthenticate.TC_VerifyBusinessSearchfromAmbiguityPageStd_UnAuthenticate()" name="TC_VerifyBusinessSearchfromAmbiguityPageStd_UnAuthenticate" class="com.aol.functest.mobileweb.std.test.MobileWebTestStdUnAuthenticate"/>
      </group>
      <group name="groupMaps">
        <method signature="com.aol.functest.mobileweb.adv.test.MobileWebTestUnAuthenticate.TC_VerifyMapMapResultPageGetDirectionFromHere_UnAuthenticate()" name="TC_VerifyMapMapResultPageGetDirectionFromHere_UnAuthenticate" class="com.aol.functest.mobileweb.adv.test.MobileWebTestUnAuthenticate"/>
        <method signature="com.aol.functest.mobileweb.adv.test.MobileWebTestUnAuthenticate.TC_VerifyMapTextResultPageUIObject_UnAuthenticate([Ljava.lang.String;, [Ljava.lang.String;)" name="TC_VerifyMapTextResultPageUIObject_UnAuthenticate" class="com.aol.functest.mobileweb.adv.test.MobileWebTestUnAuthenticate"/>
        <method signature="com.aol.functest.mobileweb.adv.test.MobileWebTestUnAuthenticate.TC_VerifyMapFormPageUIObject_UnAuthenticate([Ljava.lang.String;, [Ljava.lang.String;)" name="TC_VerifyMapFormPageUIObject_UnAuthenticate" class="com.aol.functest.mobileweb.adv.test.MobileWebTestUnAuthenticate"/>
        <method signature="com.aol.functest.mobileweb.adv.test.MobileWebTestUnAuthenticate.TC_VerifyMapMapResultPageFindBusinessNearBy_UnAuthenticate([Ljava.lang.String;, [Ljava.lang.String;)" name="TC_VerifyMapMapResultPageFindBusinessNearBy_UnAuthenticate" class="com.aol.functest.mobileweb.adv.test.MobileWebTestUnAuthenticate"/>
        <method signature="com.aol.functest.mobileweb.adv.test.MobileWebTestUnAuthenticate.TC_VerifyMapMapResultPageByThumbnailMap_UnAuthenticate([Ljava.lang.String;, [Ljava.lang.String;)" name="TC_VerifyMapMapResultPageByThumbnailMap_UnAuthenticate" class="com.aol.functest.mobileweb.adv.test.MobileWebTestUnAuthenticate"/>
        <method signature="com.aol.functest.mobileweb.adv.test.MobileWebTestUnAuthenticate.TC_VerifyMapMapResultPageUIObject_UnAuthenticate([Ljava.lang.String;, [Ljava.lang.String;)" name="TC_VerifyMapMapResultPageUIObject_UnAuthenticate" class="com.aol.functest.mobileweb.adv.test.MobileWebTestUnAuthenticate"/>
        <method signature="com.aol.functest.mobileweb.adv.test.MobileWebTestUnAuthenticate.TC_VerifyMapMapResultPageGetDirectionToHere_UnAuthenticate()" name="TC_VerifyMapMapResultPageGetDirectionToHere_UnAuthenticate" class="com.aol.functest.mobileweb.adv.test.MobileWebTestUnAuthenticate"/>
        <method signature="com.aol.functest.mobileweb.adv.test.MobileWebTestAuthenticate.TC_VerifyMapMapResultPageGetDirectionToHere_Authenticate()" name="TC_VerifyMapMapResultPageGetDirectionToHere_Authenticate" class="com.aol.functest.mobileweb.adv.test.MobileWebTestAuthenticate"/>
        <method signature="com.aol.functest.mobileweb.adv.test.MobileWebTestAuthenticate.TC_VerifyMapMapResultPageMapObject_Authenticate([Ljava.lang.String;, [Ljava.lang.String;)" name="TC_VerifyMapMapResultPageMapObject_Authenticate" class="com.aol.functest.mobileweb.adv.test.MobileWebTestAuthenticate"/>
        <method signature="com.aol.functest.mobileweb.adv.test.MobileWebTestAuthenticate.TC_VerifyMapMapResultPageUIObject_Authenticate([Ljava.lang.String;, [Ljava.lang.String;)" name="TC_VerifyMapMapResultPageUIObject_Authenticate" class="com.aol.functest.mobileweb.adv.test.MobileWebTestAuthenticate"/>
        <method signature="com.aol.functest.mobileweb.adv.test.MobileWebTestAuthenticate.TC_VerifyMapTextResultPageUIObject_Authenticate([Ljava.lang.String;, [Ljava.lang.String;)" name="TC_VerifyMapTextResultPageUIObject_Authenticate" class="com.aol.functest.mobileweb.adv.test.MobileWebTestAuthenticate"/>
        <method signature="com.aol.functest.mobileweb.adv.test.MobileWebTestAuthenticate.TC_VerifyMapFormPageUIObject_Authenticate([Ljava.lang.String;, [Ljava.lang.String;)" name="TC_VerifyMapFormPageUIObject_Authenticate" class="com.aol.functest.mobileweb.adv.test.MobileWebTestAuthenticate"/>
        <method signature="com.aol.functest.mobileweb.adv.test.MobileWebTestAuthenticate.TC_VerifyMapMapResultPageByThumbnailMap_Authenticate([Ljava.lang.String;, [Ljava.lang.String;)" name="TC_VerifyMapMapResultPageByThumbnailMap_Authenticate" class="com.aol.functest.mobileweb.adv.test.MobileWebTestAuthenticate"/>
        <method signature="com.aol.functest.mobileweb.adv.test.MobileWebTestAuthenticate.TC_VerifyMapMapResultPageFindXYZNearBy_Authenticate()" name="TC_VerifyMapMapResultPageFindXYZNearBy_Authenticate" class="com.aol.functest.mobileweb.adv.test.MobileWebTestAuthenticate"/>
        <method signature="com.aol.functest.mobileweb.adv.test.MobileWebTestAuthenticate.TC_VerifyMapMapResultPageFindBusinessNearBy_Authenticate([Ljava.lang.String;, [Ljava.lang.String;)" name="TC_VerifyMapMapResultPageFindBusinessNearBy_Authenticate" class="com.aol.functest.mobileweb.adv.test.MobileWebTestAuthenticate"/>
        <method signature="com.aol.functest.mobileweb.adv.test.MobileWebTestAuthenticate.TC_VerifyMapMapResultPageGetDirectionFromHere_Authenticate()" name="TC_VerifyMapMapResultPageGetDirectionFromHere_Authenticate" class="com.aol.functest.mobileweb.adv.test.MobileWebTestAuthenticate"/>
        <method signature="com.aol.functest.mobileweb.adv.test.MobileWebTestUnAuthenticate.TC_VerifyMapMapResultPageFindXYZNearBy_UnAuthenticate()" name="TC_VerifyMapMapResultPageFindXYZNearBy_UnAuthenticate" class="com.aol.functest.mobileweb.adv.test.MobileWebTestUnAuthenticate"/>
        <method signature="com.aol.functest.mobileweb.adv.test.MobileWebTestUnAuthenticate.TC_VerifyMapMapResultPageMapObject_UnAuthenticate([Ljava.lang.String;, [Ljava.lang.String;)" name="TC_VerifyMapMapResultPageMapObject_UnAuthenticate" class="com.aol.functest.mobileweb.adv.test.MobileWebTestUnAuthenticate"/>
      </group>
    </groups>
    <test name="MobileWebCollectionTest">
      <class name="com.aol.functest.mobileweb.test.MobileWebCollectionTest">
        <test-method status="FAIL" signature="TC_testAddItem()" name="TC_testAddItem" duration-ms="288" started-at="2011-04-19T15:49:14Z" finished-at="2011-04-19T15:49:15Z">
          <exception class="java.lang.AssertionError">
            <message>
              <![CDATA[expected:<200> but was:<302>]]>
            </message>
            <full-stacktrace>
              <![CDATA[java.lang.AssertionError: expected:&lt;200&gt; but was:&lt;302&gt;
	at org.testng.AssertJUnit.fail(AssertJUnit.java:55)
	at org.testng.AssertJUnit.failNotEquals(AssertJUnit.java:360)
	at org.testng.AssertJUnit.assertEquals(AssertJUnit.java:76)
	at org.testng.AssertJUnit.assertEquals(AssertJUnit.java:241)
	at org.testng.AssertJUnit.assertEquals(AssertJUnit.java:248)
	at com.aol.functest.mobileweb.test.MobileWebCollectionTest.addTestCollection(MobileWebCollectionTest.java:671)
	at com.aol.functest.mobileweb.test.MobileWebCollectionTest.TC_testAddItem(MobileWebCollectionTest.java:529)
	at sun.reflect.NativeMethodAccessorImpl.invoke0(Native Method)
	at sun.reflect.NativeMethodAccessorImpl.invoke(NativeMethodAccessorImpl.java:39)
	at sun.reflect.DelegatingMethodAccessorImpl.invoke(DelegatingMethodAccessorImpl.java:25)
	at java.lang.reflect.Method.invoke(Method.java:597)
	at org.testng.internal.MethodHelper.invokeMethod(MethodHelper.java:580)
	at org.testng.internal.Invoker.invokeMethod(Invoker.java:478)
	at org.testng.internal.Invoker.invokeTestMethod(Invoker.java:617)
	at org.testng.internal.Invoker.invokeTestMethods(Invoker.java:885)
	at org.testng.internal.TestMethodWorker.invokeTestMethods(TestMethodWorker.java:126)
	at org.testng.internal.TestMethodWorker.run(TestMethodWorker.java:110)
	at org.testng.TestRunner.runWorkers(TestRunner.java:712)
	at org.testng.TestRunner.privateRun(TestRunner.java:582)
	at org.testng.TestRunner.run(TestRunner.java:477)
	at org.testng.SuiteRunner.runTest(SuiteRunner.java:324)
	at org.testng.SuiteRunner.runSequentially(SuiteRunner.java:319)
	at org.testng.SuiteRunner.privateRun(SuiteRunner.java:292)
	at org.testng.SuiteRunner.run(SuiteRunner.java:198)
	at org.testng.TestNG.createAndRunSuiteRunners(TestNG.java:823)
	at org.testng.TestNG.runSuitesLocally(TestNG.java:790)
	at org.testng.TestNG.run(TestNG.java:708)
	at org.testng.TestNG.privateMain(TestNG.java:860)
	at org.testng.TestNG.main(TestNG.java:833)
]]>
            </full-stacktrace>
          </exception>
        </test-method>
        <test-method status="FAIL" signature="TC_testUpdateCollection()" name="TC_testUpdateCollection" duration-ms="287" started-at="2011-04-19T15:49:14Z" finished-at="2011-04-19T15:49:14Z">
          <exception class="java.lang.AssertionError">
            <message>
              <![CDATA[expected:<200> but was:<302>]]>
            </message>
            <full-stacktrace>
              <![CDATA[java.lang.AssertionError: expected:&lt;200&gt; but was:&lt;302&gt;
	at org.testng.AssertJUnit.fail(AssertJUnit.java:55)
	at org.testng.AssertJUnit.failNotEquals(AssertJUnit.java:360)
	at org.testng.AssertJUnit.assertEquals(AssertJUnit.java:76)
	at org.testng.AssertJUnit.assertEquals(AssertJUnit.java:241)
	at org.testng.AssertJUnit.assertEquals(AssertJUnit.java:248)
	at com.aol.functest.mobileweb.test.MobileWebCollectionTest.addTestCollection(MobileWebCollectionTest.java:671)
	at com.aol.functest.mobileweb.test.MobileWebCollectionTest.TC_testUpdateCollection(MobileWebCollectionTest.java:374)
	at sun.reflect.NativeMethodAccessorImpl.invoke0(Native Method)
	at sun.reflect.NativeMethodAccessorImpl.invoke(NativeMethodAccessorImpl.java:39)
	at sun.reflect.DelegatingMethodAccessorImpl.invoke(DelegatingMethodAccessorImpl.java:25)
	at java.lang.reflect.Method.invoke(Method.java:597)
	at org.testng.internal.MethodHelper.invokeMethod(MethodHelper.java:580)
	at org.testng.internal.Invoker.invokeMethod(Invoker.java:478)
	at org.testng.internal.Invoker.invokeTestMethod(Invoker.java:617)
	at org.testng.internal.Invoker.invokeTestMethods(Invoker.java:885)
	at org.testng.internal.TestMethodWorker.invokeTestMethods(TestMethodWorker.java:126)
	at org.testng.internal.TestMethodWorker.run(TestMethodWorker.java:110)
	at org.testng.TestRunner.runWorkers(TestRunner.java:712)
	at org.testng.TestRunner.privateRun(TestRunner.java:582)
	at org.testng.TestRunner.run(TestRunner.java:477)
	at org.testng.SuiteRunner.runTest(SuiteRunner.java:324)
	at org.testng.SuiteRunner.runSequentially(SuiteRunner.java:319)
	at org.testng.SuiteRunner.privateRun(SuiteRunner.java:292)
	at org.testng.SuiteRunner.run(SuiteRunner.java:198)
	at org.testng.TestNG.createAndRunSuiteRunners(TestNG.java:823)
	at org.testng.TestNG.runSuitesLocally(TestNG.java:790)
	at org.testng.TestNG.run(TestNG.java:708)
	at org.testng.TestNG.privateMain(TestNG.java:860)
	at org.testng.TestNG.main(TestNG.java:833)
]]>
            </full-stacktrace>
          </exception>
        </test-method>
        <test-method status="FAIL" signature="TC_testSaveNewCollection()" name="TC_testSaveNewCollection" duration-ms="293" started-at="2011-04-19T15:49:15Z" finished-at="2011-04-19T15:49:15Z">
          <exception class="java.lang.AssertionError">
            <message>
              <![CDATA[expected:<200> but was:<302>]]>
            </message>
            <full-stacktrace>
              <![CDATA[java.lang.AssertionError: expected:&lt;200&gt; but was:&lt;302&gt;
	at org.testng.AssertJUnit.fail(AssertJUnit.java:55)
	at org.testng.AssertJUnit.failNotEquals(AssertJUnit.java:360)
	at org.testng.AssertJUnit.assertEquals(AssertJUnit.java:76)
	at org.testng.AssertJUnit.assertEquals(AssertJUnit.java:241)
	at org.testng.AssertJUnit.assertEquals(AssertJUnit.java:248)
	at com.aol.functest.mobileweb.test.MobileWebCollectionTest.TC_testSaveNewCollection(MobileWebCollectionTest.java:253)
	at sun.reflect.NativeMethodAccessorImpl.invoke0(Native Method)
	at sun.reflect.NativeMethodAccessorImpl.invoke(NativeMethodAccessorImpl.java:39)
	at sun.reflect.DelegatingMethodAccessorImpl.invoke(DelegatingMethodAccessorImpl.java:25)
	at java.lang.reflect.Method.invoke(Method.java:597)
	at org.testng.internal.MethodHelper.invokeMethod(MethodHelper.java:580)
	at org.testng.internal.Invoker.invokeMethod(Invoker.java:478)
	at org.testng.internal.Invoker.invokeTestMethod(Invoker.java:617)
	at org.testng.internal.Invoker.invokeTestMethods(Invoker.java:885)
	at org.testng.internal.TestMethodWorker.invokeTestMethods(TestMethodWorker.java:126)
	at org.testng.internal.TestMethodWorker.run(TestMethodWorker.java:110)
	at org.testng.TestRunner.runWorkers(TestRunner.java:712)
	at org.testng.TestRunner.privateRun(TestRunner.java:582)
	at org.testng.TestRunner.run(TestRunner.java:477)
	at org.testng.SuiteRunner.runTest(SuiteRunner.java:324)
	at org.testng.SuiteRunner.runSequentially(SuiteRunner.java:319)
	at org.testng.SuiteRunner.privateRun(SuiteRunner.java:292)
	at org.testng.SuiteRunner.run(SuiteRunner.java:198)
	at org.testng.TestNG.createAndRunSuiteRunners(TestNG.java:823)
	at org.testng.TestNG.runSuitesLocally(TestNG.java:790)
	at org.testng.TestNG.run(TestNG.java:708)
	at org.testng.TestNG.privateMain(TestNG.java:860)
	at org.testng.TestNG.main(TestNG.java:833)
]]>
            </full-stacktrace>
          </exception>
        </test-method>
        <test-method status="FAIL" signature="TC_testGetCollection_invalidCollectionId()" name="TC_testGetCollection_invalidCollectionId" duration-ms="286" started-at="2011-04-19T15:49:13Z" finished-at="2011-04-19T15:49:13Z">
          <exception class="java.lang.AssertionError">
            <message>
              <![CDATA[expected:<200> but was:<302>]]>
            </message>
            <full-stacktrace>
              <![CDATA[java.lang.AssertionError: expected:&lt;200&gt; but was:&lt;302&gt;
	at org.testng.AssertJUnit.fail(AssertJUnit.java:55)
	at org.testng.AssertJUnit.failNotEquals(AssertJUnit.java:360)
	at org.testng.AssertJUnit.assertEquals(AssertJUnit.java:76)
	at org.testng.AssertJUnit.assertEquals(AssertJUnit.java:241)
	at org.testng.AssertJUnit.assertEquals(AssertJUnit.java:248)
	at com.aol.functest.mobileweb.test.MobileWebCollectionTest.TC_testGetCollection_invalidCollectionId(MobileWebCollectionTest.java:161)
	at sun.reflect.NativeMethodAccessorImpl.invoke0(Native Method)
	at sun.reflect.NativeMethodAccessorImpl.invoke(NativeMethodAccessorImpl.java:39)
	at sun.reflect.DelegatingMethodAccessorImpl.invoke(DelegatingMethodAccessorImpl.java:25)
	at java.lang.reflect.Method.invoke(Method.java:597)
	at org.testng.internal.MethodHelper.invokeMethod(MethodHelper.java:580)
	at org.testng.internal.Invoker.invokeMethod(Invoker.java:478)
	at org.testng.internal.Invoker.invokeTestMethod(Invoker.java:617)
	at org.testng.internal.Invoker.invokeTestMethods(Invoker.java:885)
	at org.testng.internal.TestMethodWorker.invokeTestMethods(TestMethodWorker.java:126)
	at org.testng.internal.TestMethodWorker.run(TestMethodWorker.java:110)
	at org.testng.TestRunner.runWorkers(TestRunner.java:712)
	at org.testng.TestRunner.privateRun(TestRunner.java:582)
	at org.testng.TestRunner.run(TestRunner.java:477)
	at org.testng.SuiteRunner.runTest(SuiteRunner.java:324)
	at org.testng.SuiteRunner.runSequentially(SuiteRunner.java:319)
	at org.testng.SuiteRunner.privateRun(SuiteRunner.java:292)
	at org.testng.SuiteRunner.run(SuiteRunner.java:198)
	at org.testng.TestNG.createAndRunSuiteRunners(TestNG.java:823)
	at org.testng.TestNG.runSuitesLocally(TestNG.java:790)
	at org.testng.TestNG.run(TestNG.java:708)
	at org.testng.TestNG.privateMain(TestNG.java:860)
	at org.testng.TestNG.main(TestNG.java:833)
]]>
            </full-stacktrace>
          </exception>
        </test-method>
        <test-method status="PASS" signature="tearDownTestSuite()" name="tearDownTestSuite" is-config="true" duration-ms="0" started-at="2011-04-19T15:49:16Z" finished-at="2011-04-19T15:49:16Z">
        </test-method>
        <test-method status="FAIL" signature="TC_testSaveExistingCollection()" name="TC_testSaveExistingCollection" duration-ms="286" started-at="2011-04-19T15:49:15Z" finished-at="2011-04-19T15:49:15Z">
          <exception class="java.lang.AssertionError">
            <message>
              <![CDATA[expected:<200> but was:<302>]]>
            </message>
            <full-stacktrace>
              <![CDATA[java.lang.AssertionError: expected:&lt;200&gt; but was:&lt;302&gt;
	at org.testng.AssertJUnit.fail(AssertJUnit.java:55)
	at org.testng.AssertJUnit.failNotEquals(AssertJUnit.java:360)
	at org.testng.AssertJUnit.assertEquals(AssertJUnit.java:76)
	at org.testng.AssertJUnit.assertEquals(AssertJUnit.java:241)
	at org.testng.AssertJUnit.assertEquals(AssertJUnit.java:248)
	at com.aol.functest.mobileweb.test.MobileWebCollectionTest.addTestCollection(MobileWebCollectionTest.java:671)
	at com.aol.functest.mobileweb.test.MobileWebCollectionTest.TC_testSaveExistingCollection(MobileWebCollectionTest.java:319)
	at sun.reflect.NativeMethodAccessorImpl.invoke0(Native Method)
	at sun.reflect.NativeMethodAccessorImpl.invoke(NativeMethodAccessorImpl.java:39)
	at sun.reflect.DelegatingMethodAccessorImpl.invoke(DelegatingMethodAccessorImpl.java:25)
	at java.lang.reflect.Method.invoke(Method.java:597)
	at org.testng.internal.MethodHelper.invokeMethod(MethodHelper.java:580)
	at org.testng.internal.Invoker.invokeMethod(Invoker.java:478)
	at org.testng.internal.Invoker.invokeTestMethod(Invoker.java:617)
	at org.testng.internal.Invoker.invokeTestMethods(Invoker.java:885)
	at org.testng.internal.TestMethodWorker.invokeTestMethods(TestMethodWorker.java:126)
	at org.testng.internal.TestMethodWorker.run(TestMethodWorker.java:110)
	at org.testng.TestRunner.runWorkers(TestRunner.java:712)
	at org.testng.TestRunner.privateRun(TestRunner.java:582)
	at org.testng.TestRunner.run(TestRunner.java:477)
	at org.testng.SuiteRunner.runTest(SuiteRunner.java:324)
	at org.testng.SuiteRunner.runSequentially(SuiteRunner.java:319)
	at org.testng.SuiteRunner.privateRun(SuiteRunner.java:292)
	at org.testng.SuiteRunner.run(SuiteRunner.java:198)
	at org.testng.TestNG.createAndRunSuiteRunners(TestNG.java:823)
	at org.testng.TestNG.runSuitesLocally(TestNG.java:790)
	at org.testng.TestNG.run(TestNG.java:708)
	at org.testng.TestNG.privateMain(TestNG.java:860)
	at org.testng.TestNG.main(TestNG.java:833)
]]>
            </full-stacktrace>
          </exception>
        </test-method>
        <test-method status="FAIL" signature="TC_testGetCollection_validCollectionId()" name="TC_testGetCollection_validCollectionId" duration-ms="286" started-at="2011-04-19T15:49:15Z" finished-at="2011-04-19T15:49:16Z">
          <exception class="java.lang.AssertionError">
            <message>
              <![CDATA[expected:<200> but was:<302>]]>
            </message>
            <full-stacktrace>
              <![CDATA[java.lang.AssertionError: expected:&lt;200&gt; but was:&lt;302&gt;
	at org.testng.AssertJUnit.fail(AssertJUnit.java:55)
	at org.testng.AssertJUnit.failNotEquals(AssertJUnit.java:360)
	at org.testng.AssertJUnit.assertEquals(AssertJUnit.java:76)
	at org.testng.AssertJUnit.assertEquals(AssertJUnit.java:241)
	at org.testng.AssertJUnit.assertEquals(AssertJUnit.java:248)
	at com.aol.functest.mobileweb.test.MobileWebCollectionTest.addTestCollection(MobileWebCollectionTest.java:671)
	at com.aol.functest.mobileweb.test.MobileWebCollectionTest.TC_testGetCollection_validCollectionId(MobileWebCollectionTest.java:83)
	at sun.reflect.NativeMethodAccessorImpl.invoke0(Native Method)
	at sun.reflect.NativeMethodAccessorImpl.invoke(NativeMethodAccessorImpl.java:39)
	at sun.reflect.DelegatingMethodAccessorImpl.invoke(DelegatingMethodAccessorImpl.java:25)
	at java.lang.reflect.Method.invoke(Method.java:597)
	at org.testng.internal.MethodHelper.invokeMethod(MethodHelper.java:580)
	at org.testng.internal.Invoker.invokeMethod(Invoker.java:478)
	at org.testng.internal.Invoker.invokeTestMethod(Invoker.java:617)
	at org.testng.internal.Invoker.invokeTestMethods(Invoker.java:885)
	at org.testng.internal.TestMethodWorker.invokeTestMethods(TestMethodWorker.java:126)
	at org.testng.internal.TestMethodWorker.run(TestMethodWorker.java:110)
	at org.testng.TestRunner.runWorkers(TestRunner.java:712)
	at org.testng.TestRunner.privateRun(TestRunner.java:582)
	at org.testng.TestRunner.run(TestRunner.java:477)
	at org.testng.SuiteRunner.runTest(SuiteRunner.java:324)
	at org.testng.SuiteRunner.runSequentially(SuiteRunner.java:319)
	at org.testng.SuiteRunner.privateRun(SuiteRunner.java:292)
	at org.testng.SuiteRunner.run(SuiteRunner.java:198)
	at org.testng.TestNG.createAndRunSuiteRunners(TestNG.java:823)
[...]
        </test-method>
        <test-method status="PASS" signature="TC_VerifySearchFormPageUIObject_UnAuthenticate([Ljava.lang.String;, [Ljava.lang.String;)" name="TC_VerifySearchFormPageUIObject_UnAuthenticate" duration-ms="16326" depends-on-groups="unauthenticate" started-at="2011-04-19T15:22:57Z" finished-at="2011-04-19T15:23:13Z">
          <params>
            <param index="0">
              <value>
                <![CDATA[[Ljava.lang.String;@6a25b72a]]>
              </value>
            </param>
            <param index="1">
              <value>
                <![CDATA[[Ljava.lang.String;@521c5cd7]]>
              </value>
            </param>
          </params>
        </test-method>
        <test-method status="PASS" signature="basestate()" name="basestate" is-config="true" duration-ms="4079" started-at="2011-04-19T15:27:36Z" finished-at="2011-04-19T15:27:40Z">
        </test-method>
        <test-method status="PASS" signature="basestate()" name="basestate" is-config="true" duration-ms="4082" started-at="2011-04-19T15:22:35Z" finished-at="2011-04-19T15:22:39Z">
        </test-method>
        <test-method status="PASS" signature="cleanUp()" name="cleanUp" is-config="true" duration-ms="4960" started-at="2011-04-19T15:48:12Z" finished-at="2011-04-19T15:48:17Z">
        </test-method>
        <test-method status="PASS" signature="basestate()" name="basestate" is-config="true" duration-ms="4623" started-at="2011-04-19T15:38:36Z" finished-at="2011-04-19T15:38:41Z">
        </test-method>
        <test-method status="PASS" signature="TC_VerifyBusinessSearchfromGeodiffPage_UnAuthenticate()" name="TC_VerifyBusinessSearchfromGeodiffPage_UnAuthenticate" duration-ms="13016" depends-on-groups="unauthenticate" started-at="2011-04-19T15:34:17Z" finished-at="2011-04-19T15:34:30Z">
        </test-method>
        <test-method status="PASS" signature="basestate()" name="basestate" is-config="true" duration-ms="4505" started-at="2011-04-19T15:35:00Z" finished-at="2011-04-19T15:35:05Z">
        </test-method>
        <test-method status="PASS" signature="TC_VerifyMyPlaceFormPageUIObject_UnAuthenticate([Ljava.lang.String;, [Ljava.lang.String;)" name="TC_VerifyMyPlaceFormPageUIObject_UnAuthenticate" duration-ms="14166" depends-on-groups="unauthenticate" started-at="2011-04-19T15:21:24Z" finished-at="2011-04-19T15:21:38Z">
          <params>
            <param index="0">
              <value>
                <![CDATA[[Ljava.lang.String;@301abf87]]>
              </value>
            </param>
            <param index="1">
              <value>
                <![CDATA[[Ljava.lang.String;@2c1450bd]]>
              </value>
            </param>
          </params>
        </test-method>
        <test-method status="PASS" signature="TC_VerifyDirectionMapClickRoadNarative_UnAuthenticate([Ljava.lang.String;, [Ljava.lang.String;)" name="TC_VerifyDirectionMapClickRoadNarative_UnAuthenticate" duration-ms="11291" depends-on-groups="unauthenticate" started-at="2011-04-19T15:22:24Z" finished-at="2011-04-19T15:22:35Z">
          <params>
            <param index="0">
              <value>
                <![CDATA[[Ljava.lang.String;@4ab34646]]>
              </value>
            </param>
            <param index="1">
              <value>
                <![CDATA[[Ljava.lang.String;@3fcac3fa]]>
              </value>
            </param>
          </params>
        </test-method>
        <test-method status="PASS" signature="basestate()" name="basestate" is-config="true" duration-ms="4400" started-at="2011-04-19T15:22:19Z" finished-at="2011-04-19T15:22:24Z">
        </test-method>
        <test-method status="PASS" signature="TC_VerifyDirectionFormRecentLocation_UnAuthenticate()" name="TC_VerifyDirectionFormRecentLocation_UnAuthenticate" duration-ms="13040" depends-on-groups="unauthenticate" started-at="2011-04-19T15:30:59Z" finished-at="2011-04-19T15:31:12Z">
        </test-method>
        <test-method status="FAIL" signature="TC_VerifyMyPlaceTextResultPageUIObject_UnAuthenticate([Ljava.lang.String;, [Ljava.lang.String;)" name="TC_VerifyMyPlaceTextResultPageUIObject_UnAuthenticate" duration-ms="30611" depends-on-groups="unauthenticate" started-at="2011-04-19T15:42:07Z" finished-at="2011-04-19T15:42:38Z">
          <params>
            <param index="0">
              <value>
                <![CDATA[[Ljava.lang.String;@1faac07d]]>
              </value>
            </param>
            <param index="1">
              <value>
                <![CDATA[[Ljava.lang.String;@3435ec9]]>
              </value>
            </param>
          </params>
          <exception class="java.lang.RuntimeException">
            <message>
              <![CDATA[Verifying"//div[@id='wrap_content_main']/div[@class='savedAndMyPlaceHeader contentTitle round_border']/button" failedVerifying"//div[@id='wrap_content_main']/div[@class='contentBody seeMore']/a[@href='/myplaces/savedMaps?backLink=']" failedVerifying"//div[@id='wrap_content_main']/div[@class='contentBody seeMore']/a[@href='/myplaces/locations?backLink=']" failedVerifying"//div[@id='wrap_content_main']/div[@class='contentBody seeMore']/a[@href='/myplaces/recentLocations?backLink=']" failedVerifying"link=Sign Out" failedVerifying"Hello test" failedVerifying"Sign Out" failedVerifying"My Saved Maps & Routes" failedVerifying"See all My Saved Maps & Routes" failedVerifying"My Locations" failedVerifying"See all My Locations" failedVerifying"My Recent Locations" failedVerifying"See all Recent Locations" failed]]>
            </message>
            <full-stacktrace>
              <![CDATA[java.lang.RuntimeException: Verifying"//div[@id='wrap_content_main']/div[@class='savedAndMyPlaceHeader contentTitle round_border']/button" failedVerifying"//div[@id='wrap_content_main']/div[@class='contentBody seeMore']/a[@href='/myplaces/savedMaps?backLink=']" failedVerifying"//div[@id='wrap_content_main']/div[@class='contentBody seeMore']/a[@href='/myplaces/locations?backLink=']" failedVerifying"//div[@id='wrap_content_main']/div[@class='contentBody seeMore']/a[@href='/myplaces/recentLocations?backLink=']" failedVerifying"link=Sign Out" failedVerifying"Hello test" failedVerifying"Sign Out" failedVerifying"My Saved Maps & Routes" failedVerifying"See all My Saved Maps & Routes" failedVerifying"My Locations" failedVerifying"See all My Locations" failedVerifying"My Recent Locations" failedVerifying"See all Recent Locations" failed
	at com.aol.functest.common.assertsoft.assertEmpty(assertsoft.java:35)
	at com.aol.functest.mobileweb.adv.test.MobileWebTest.validate(MobileWebTest.java:118)
	at com.aol.functest.mobileweb.adv.test.MobileWebTest.TC_VerifyMyPlaceTextResultPageUIObject(MobileWebTest.java:926)
	at com.aol.functest.mobileweb.adv.test.MobileWebTestUnAuthenticate.TC_VerifyMyPlaceTextResultPageUIObject_UnAuthenticate(MobileWebTestUnAuthenticate.java:265)
	at sun.reflect.NativeMethodAccessorImpl.invoke0(Native Method)
	at sun.reflect.NativeMethodAccessorImpl.invoke(NativeMethodAccessorImpl.java:39)
	at sun.reflect.DelegatingMethodAccessorImpl.invoke(DelegatingMethodAccessorImpl.java:25)
	at java.lang.reflect.Method.invoke(Method.java:597)
	at org.testng.internal.MethodHelper.invokeMethod(MethodHelper.java:580)
	at org.testng.internal.Invoker.invokeMethod(Invoker.java:478)
	at org.testng.internal.Invoker.invokeTestMethod(Invoker.java:617)
	at org.testng.internal.Invoker.invokeTestMethods(Invoker.java:885)
	at org.testng.internal.TestMethodWorker.invokeTestMethods(TestMethodWorker.java:126)
	at org.testng.internal.TestMethodWorker.run(TestMethodWorker.java:110)
	at org.testng.TestRunner.runWorkers(TestRunner.java:712)
	at org.testng.TestRunner.privateRun(TestRunner.java:582)
	at org.testng.TestRunner.run(TestRunner.java:477)
	at org.testng.SuiteRunner.runTest(SuiteRunner.java:324)
	at org.testng.SuiteRunner.runSequentially(SuiteRunner.java:319)
	at org.testng.SuiteRunner.privateRun(SuiteRunner.java:292)
	at org.testng.SuiteRunner.run(SuiteRunner.java:198)
	at org.testng.TestNG.createAndRunSuiteRunners(TestNG.java:823)
	at org.testng.TestNG.runSuitesLocally(TestNG.java:790)
	at org.testng.TestNG.run(TestNG.java:708)
	at org.testng.TestNG.privateMain(TestNG.java:860)
	at org.testng.TestNG.main(TestNG.java:833)
]]>
            </full-stacktrace>
          </exception>
        </test-method>
        <test-method status="FAIL" signature="TC_VerifyRefineSearchFormPage_UnAuthenticate([Ljava.lang.String;, [Ljava.lang.String;)" name="TC_VerifyRefineSearchFormPage_UnAuthenticate" duration-ms="41957" depends-on-groups="unauthenticate" started-at="2011-04-19T15:44:56Z" finished-at="2011-04-19T15:45:38Z">
          <params>
            <param index="0">
              <value>
                <![CDATA[[Ljava.lang.String;@3c03dfcb]]>
              </value>
            </param>
            <param index="1">
              <value>
                <![CDATA[[Ljava.lang.String;@2259a735]]>
              </value>
            </param>
          </params>
          <exception class="java.lang.RuntimeException">
            <message>
              <![CDATA[Verifying"25 Miles" failed]]>
            </message>
            <full-stacktrace>
              <![CDATA[java.lang.RuntimeException: Verifying"25 Miles" failed
	at com.aol.functest.common.assertsoft.assertEmpty(assertsoft.java:35)
	at com.aol.functest.mobileweb.adv.test.MobileWebTest.validate(MobileWebTest.java:118)
	at com.aol.functest.mobileweb.adv.test.MobileWebTest.TC_VerifyRefineSearchFormPage(MobileWebTest.java:848)
	at com.aol.functest.mobileweb.adv.test.MobileWebTestUnAuthenticate.TC_VerifyRefineSearchFormPage_UnAuthenticate(MobileWebTestUnAuthenticate.java:247)
	at sun.reflect.NativeMethodAccessorImpl.invoke0(Native Method)
	at sun.reflect.NativeMethodAccessorImpl.invoke(NativeMethodAccessorImpl.java:39)
	at sun.reflect.DelegatingMethodAccessorImpl.invoke(DelegatingMethodAccessorImpl.java:25)
	at java.lang.reflect.Method.invoke(Method.java:597)
	at org.testng.internal.MethodHelper.invokeMethod(MethodHelper.java:580)
	at org.testng.internal.Invoker.invokeMethod(Invoker.java:478)
	at org.testng.internal.Invoker.invokeTestMethod(Invoker.java:617)
	at org.testng.internal.Invoker.invokeTestMethods(Invoker.java:885)
	at org.testng.internal.TestMethodWorker.invokeTestMethods(TestMethodWorker.java:126)
	at org.testng.internal.TestMethodWorker.run(TestMethodWorker.java:110)
	at org.testng.TestRunner.runWorkers(TestRunner.java:712)
	at org.testng.TestRunner.privateRun(TestRunner.java:582)
	at org.testng.TestRunner.run(TestRunner.java:477)
	at org.testng.SuiteRunner.runTest(SuiteRunner.java:324)
	at org.testng.SuiteRunner.runSequentially(SuiteRunner.java:319)
	at org.testng.SuiteRunner.privateRun(SuiteRunner.java:292)
	at org.testng.SuiteRunner.run(SuiteRunner.java:198)
	at org.testng.TestNG.createAndRunSuiteRunners(TestNG.java:823)
	at org.testng.TestNG.runSuitesLocally(TestNG.java:790)
	at org.testng.TestNG.run(TestNG.java:708)
	at org.testng.TestNG.privateMain(TestNG.java:860)
	at org.testng.TestNG.main(TestNG.java:833)
]]>
            </full-stacktrace>
          </exception>
        </test-method>
        <test-method status="PASS" signature="basestate()" name="basestate" is-config="true" duration-ms="6313" started-at="2011-04-19T15:47:55Z" finished-at="2011-04-19T15:48:01Z">
        </test-method>
        <test-method status="PASS" signature="TC_VerifySearchFormGeoDiffPage_UnAuthenticate([Ljava.lang.String;, [Ljava.lang.String;)" name="TC_VerifySearchFormGeoDiffPage_UnAuthenticate" duration-ms="18535" depends-on-groups="unauthenticate" started-at="2011-04-19T15:41:44Z" finished-at="2011-04-19T15:42:03Z">
          <params>
            <param index="0">
              <value>
                <![CDATA[[Ljava.lang.String;@37c398e]]>
              </value>
            </param>
            <param index="1">
              <value>
                <![CDATA[[Ljava.lang.String;@50a69b6b]]>
              </value>
            </param>
          </params>
        </test-method>
        <test-method status="PASS" signature="basestate()" name="basestate" is-config="true" duration-ms="4174" started-at="2011-04-19T15:45:38Z" finished-at="2011-04-19T15:45:42Z">
        </test-method>
        <test-method status="PASS" signature="basestate()" name="basestate" is-config="true" duration-ms="3465" started-at="2011-04-19T15:19:57Z" finished-at="2011-04-19T15:20:00Z">
        </test-method>
        <test-method status="PASS" signature="basestate()" name="basestate" is-config="true" duration-ms="4223" started-at="2011-04-19T15:29:18Z" finished-at="2011-04-19T15:29:22Z">
        </test-method>
        <test-method status="PASS" signature="basestate()" name="basestate" is-config="true" duration-ms="5032" started-at="2011-04-19T15:24:27Z" finished-at="2011-04-19T15:24:32Z">
        </test-method>
        <test-method status="PASS" signature="TC_VerifySearchMapResultPageUIObject_UnAuthenticate([Ljava.lang.String;, [Ljava.lang.String;)" name="TC_VerifySearchMapResultPageUIObject_UnAuthenticate" duration-ms="14408" depends-on-groups="unauthenticate" started-at="2011-04-19T15:28:43Z" finished-at="2011-04-19T15:28:58Z">
          <params>
            <param index="0">
              <value>
                <![CDATA[[Ljava.lang.String;@4413515e]]>
              </value>
            </param>
            <param index="1">
              <value>
                <![CDATA[[Ljava.lang.String;@5043153c]]>
              </value>
            </param>
          </params>
        </test-method>
        <test-method status="PASS" signature="TC_VerifyDirectionMapResultPageUIObject_UnAuthenticate([Ljava.lang.String;, [Ljava.lang.String;)" name="TC_VerifyDirectionMapResultPageUIObject_UnAuthenticate" duration-ms="11293" depends-on-groups="unauthenticate" started-at="2011-04-19T15:36:26Z" finished-at="2011-04-19T15:36:38Z">
          <params>
            <param index="0">
              <value>
                <![CDATA[[Ljava.lang.String;@5675b3ee]]>
              </value>
            </param>
            <param index="1">
              <value>
                <![CDATA[[Ljava.lang.String;@4977fa9a]]>
              </value>
            </param>
          </params>
        </test-method>
        <test-method status="PASS" signature="TC_VerifySearchUsingSearchByCatagory_UnAuthenticate([Ljava.lang.String;, [Ljava.lang.String;)" name="TC_VerifySearchUsingSearchByCatagory_UnAuthenticate" duration-ms="38963" depends-on-groups="unauthenticate" started-at="2011-04-19T15:25:41Z" finished-at="2011-04-19T15:26:20Z">
          <params>
            <param index="0">
              <value>
                <![CDATA[[Ljava.lang.String;@5aacc14]]>
              </value>
            </param>
            <param index="1">
              <value>
                <![CDATA[[Ljava.lang.String;@103c37f4]]>
              </value>
            </param>
          </params>
        </test-method>
        <test-method status="PASS" signature="basestate()" name="basestate" is-config="true" duration-ms="3801" started-at="2011-04-19T15:25:37Z" finished-at="2011-04-19T15:25:41Z">
        </test-method>
        <test-method status="PASS" signature="TC_VerifySearchTextResultPageUIObject_UnAuthenticate([Ljava.lang.String;, [Ljava.lang.String;)" name="TC_VerifySearchTextResultPageUIObject_UnAuthenticate" duration-ms="67822" depends-on-groups="unauthenticate" started-at="2011-04-19T15:38:41Z" finished-at="2011-04-19T15:39:48Z">
          <params>
            <param index="0">
              <value>
                <![CDATA[[Ljava.lang.String;@64273f4e]]>
              </value>
            </param>
            <param index="1">
              <value>
                <![CDATA[[Ljava.lang.String;@4cad4d40]]>
              </value>
            </param>
          </params>
        </test-method>
        <test-method status="PASS" signature="basestate()" name="basestate" is-config="true" duration-ms="5073" started-at="2011-04-19T15:30:54Z" finished-at="2011-04-19T15:30:59Z">
        </test-method>
        <test-method status="PASS" signature="TC_SearchMapResultPageUIFromSearchResultGETMAPClick_UnAuthenticate([Ljava.lang.String;, [Ljava.lang.String;)" name="TC_SearchMapResultPageUIFromSearchResultGETMAPClick_UnAuthenticate" duration-ms="18218" depends-on-groups="unauthenticate" started-at="2011-04-19T15:23:48Z" finished-at="2011-04-19T15:24:06Z">
          <params>
            <param index="0">
              <value>
                <![CDATA[[Ljava.lang.String;@2f7fc44f]]>
              </value>
            </param>
            <param index="1">
              <value>
                <![CDATA[[Ljava.lang.String;@6d3136e5]]>
              </value>
            </param>
          </params>
        </test-method>
        <test-method status="PASS" signature="basestate()" name="basestate" is-config="true" duration-ms="3934" started-at="2011-04-19T15:22:53Z" finished-at="2011-04-19T15:22:57Z">
        </test-method>
        <test-method status="PASS" signature="basestate()" name="basestate" is-config="true" duration-ms="3801" started-at="2011-04-19T15:26:20Z" finished-at="2011-04-19T15:26:24Z">
        </test-method>
        <test-method status="PASS" signature="basestate()" name="basestate" is-config="true" duration-ms="3879" started-at="2011-04-19T15:31:12Z" finished-at="2011-04-19T15:31:16Z">
        </test-method>
        <test-method status="PASS" signature="basestate()" name="basestate" is-config="true" duration-ms="4163" started-at="2011-04-19T15:24:06Z" finished-at="2011-04-19T15:24:10Z">
        </test-method>
        <test-method status="PASS" signature="TC_VerifyMapTraffic_Authenticate()" name="TC_VerifyMapTraffic_Authenticate" duration-ms="33291" depends-on-groups="unauthenticate" started-at="2011-04-19T15:46:43Z" finished-at="2011-04-19T15:47:16Z">
        </test-method>
        <test-method status="PASS" signature="TC_VerifyDirectionsTraffic_Authenticate()" name="TC_VerifyDirectionsTraffic_Authenticate" duration-ms="31300" depends-on-groups="unauthenticate" started-at="2011-04-19T15:20:48Z" finished-at="2011-04-19T15:21:19Z">
        </test-method>
        <test-method status="PASS" signature="basestate()" name="basestate" is-config="true" duration-ms="4152" started-at="2011-04-19T15:36:22Z" finished-at="2011-04-19T15:36:26Z">
        </test-method>
        <test-method status="PASS" signature="TC_VerifyMapFormGeoDiffPage_UnAuthenticate([Ljava.lang.String;, [Ljava.lang.String;)" name="TC_VerifyMapFormGeoDiffPage_UnAuthenticate" duration-ms="17440" depends-on-groups="unauthenticate" started-at="2011-04-19T15:38:18Z" finished-at="2011-04-19T15:38:36Z">
          <params>
            <param index="0">
              <value>
                <![CDATA[[Ljava.lang.String;@f7f0d94]]>
              </value>
            </param>
            <param index="1">
              <value>
                <![CDATA[[Ljava.lang.String;@5e54777e]]>
              </value>
            </param>
          </params>
        </test-method>
        <test-method status="PASS" signature="basestate()" name="basestate" is-config="true" duration-ms="4133" started-at="2011-04-19T15:24:59Z" finished-at="2011-04-19T15:25:03Z">
        </test-method>
        <test-method status="PASS" signature="TC_VerifyRouteOptionsPopupPage_UnAuthenticate([Ljava.lang.String;, [Ljava.lang.String;)" name="TC_VerifyRouteOptionsPopupPage_UnAuthenticate" duration-ms="22549" depends-on-groups="unauthenticate" started-at="2011-04-19T15:29:36Z" finished-at="2011-04-19T15:29:58Z">
          <params>
            <param index="0">
              <value>
                <![CDATA[[Ljava.lang.String;@3be0e954]]>
              </value>
            </param>
            <param index="1">
              <value>
                <![CDATA[[Ljava.lang.String;@2af6a882]]>
              </value>
            </param>
          </params>
        </test-method>
      </class>
    </test>
  </suite>
</testng-results>
