<?xml version="1.0" encoding="UTF-8"?>
<testsuite name="UnsupportedRedirectiontest" failures="1" tests="1" time="19.078" errors="0">
  <properties/>
  <testcase name="TC_UnsupportedRedirectiontest" time="19.078" classname="com.aol.functest.mobileweb.test.UnsupportedRedirectiontest">
    <failure type="java.lang.AssertionError" message="
redir URL failure on CSV line 2 :: device-anywhere-id/wurfl-id=/ :: user agent=BlackBerry7100/4.0.0 Profile/MIDP-2.0 Configuration/CLDC-1.1\ :: http response code = 302 :: RedirectionUrl = http://wap-classic.mapquest.com/

redir URL failure on CSV line 3 :: device-anywhere-id/wurfl-id=/ :: user agent=BlackBerry8110/4.3.0 Profile/MIDP-2.0 Configuration/CLDC-1.1 VendorID/102 :: http response code = 302 :: RedirectionUrl = http://wap-classic.mapquest.com/

redir URL failure on CSV line 4 :: device-anywhere-id/wurfl-id=/ :: user agent=BlackBerry8110/4.5.0.110 Profile/MIDP-2.0 Configuration/CLDC-1.1 VendorID/102 :: http response code = 302 :: RedirectionUrl = http://wap-classic.mapquest.com/

redir URL failure on CSV line 5 :: device-anywhere-id/wurfl-id=/ :: user agent=BlackBerry8820/4.2.2 Profile/MIDP-2.0 Configuration/CLDC-1.1 VendorID/102 :: http response code = 302 :: RedirectionUrl = http://wap-classic.mapquest.com/

redir URL failure on CSV line 6 :: device-anywhere-id/wurfl-id=/ :: user agent=KWC-S1300/ UP.Browser/7.2.6.1.839 (GUI) MMP/2.0 :: http response code = 302 :: RedirectionUrl = http://wap-classic.mapquest.com/

redir URL failure on CSV line 7 :: device-anywhere-id/wurfl-id=/ :: user agent=LG/KU990/v10aBrowser/Obigo-Q05A/3.6+MMS/LG-MMS-V1.0/1.2+Java/ASVM/1.0+Profile/MIDP-2.0+Configuration/CLDC-1.1 :: http response code = 302 :: RedirectionUrl = http://wap-classic.mapquest.com/

redir URL failure on CSV line 8 :: device-anywhere-id/wurfl-id=/ :: user agent=LGE-AX260/1.0 UP.Browser/6.2.3.8 (GUI) MMP/2.0 :: http response code = 302 :: RedirectionUrl = http://wap-classic.mapquest.com/

redir URL failure on CSV line 9 :: device-anywhere-id/wurfl-id=/ :: user agent=LGE-VX8300/1.0 UP.Browser/6.2.3.2 (GUI) MMP/2.0 :: http response code = 302 :: RedirectionUrl = http://wap-classic.mapquest.com/

redir URL failure on CSV line 10 :: device-anywhere-id/wurfl-id=/ :: user agent=LGE-VX8560/1.0 UP.Browser/6.2.3.2 (GUI) MMP/2.0 :: http response code = 302 :: RedirectionUrl = http://wap-classic.mapquest.com/

redir URL failure on CSV line 11 :: device-anywhere-id/wurfl-id=/ :: user agent=MOT-24.0_/00.62 UP.Browser/6.2.3.4.c.1.123 (GUI) MMP/2.0 :: http response code = 302 :: RedirectionUrl = http://wap-classic.mapquest.com/

redir URL failure on CSV line 12 :: device-anywhere-id/wurfl-id=/ :: user agent=MOT-A-7F/00.04 UP.Browser/7.0.2.2.c.1.109 (GUI) MMP/2.0 UP.Link/5.1.2.17 :: http response code = 302 :: RedirectionUrl = http://wap-classic.mapquest.com/

redir URL failure on CSV line 13 :: device-anywhere-id/wurfl-id=/ :: user agent=MOT-A-8E/00.02 UP.Browser/7.0.2.2.c.1.110 (GUI) MMP/2.0 UP.Link/5.1.2.17 :: http response code = 302 :: RedirectionUrl = http://wap-classic.mapquest.com/

redir URL failure on CSV line 14 :: device-anywhere-id/wurfl-id=/ :: user agent=MOT-COOL0/00.62 UP.Browser/6.2.3.4.c.1.128 (GUI) MMP/2.0 :: http response code = 302 :: RedirectionUrl = http://wap-classic.mapquest.com/

redir URL failure on CSV line 15 :: device-anywhere-id/wurfl-id=/ :: user agent=MOT-SPARK/00.62 UP.Browser/6.2.3.4.c.1.123 (GUI) MMP/2.0 :: http response code = 302 :: RedirectionUrl = http://wap-classic.mapquest.com/

redir URL failure on CSV line 16 :: device-anywhere-id/wurfl-id=/ :: user agent=MOT-V3/0E.40.39R MIB/2.2.1 Profile/MIDP-2.0 Configuration/CLDC-1.0 :: http response code = 302 :: RedirectionUrl = http://wap-classic.mapquest.com/

redir URL failure on CSV line 17 :: device-anywhere-id/wurfl-id=/ :: user agent=MOT-V3s/00.62 UP.Browser/6.2.3.4.c.1.123 (GUI) MMP/2.0 :: http response code = 302 :: RedirectionUrl = http://wap-classic.mapquest.com/

redir URL failure on CSV line 18 :: device-anywhere-id/wurfl-id=/ :: user agent=MOT-Z6m/00.62 UP.Browser/6.2.3.4.c.1.123 (GUI) MMP/2.0 :: http response code = 302 :: RedirectionUrl = http://wap-classic.mapquest.com/

redir URL failure on CSV line 19 :: device-anywhere-id/wurfl-id=/ :: user agent=Mozilla/4.0 (compatible; MSIE 4.01; Windows CE; Smartphone; 176x220) :: http response code = 302 :: RedirectionUrl = http://wap-classic.mapquest.com/

redir URL failure on CSV line 20 :: device-anywhere-id/wurfl-id=/ :: user agent=Mozilla/4.0 (compatible; MSIE 6.0; Windows 98; PalmSource/hspr-H102; Blazer/4.0) 16;320x320 :: http response code = 302 :: RedirectionUrl = http://wap-classic.mapquest.com/

redir URL failure on CSV line 21 :: device-anywhere-id/wurfl-id=/ :: user agent=Mozilla/4.0 (compatible; MSIE 6.0; Windows 98; PalmSource/hspr-H102; Blazer/4.2) 16;320x320 :: http response code = 302 :: RedirectionUrl = http://wap-classic.mapquest.com/

redir URL failure on CSV line 22 :: device-anywhere-id/wurfl-id=/ :: user agent=Mozilla/4.0 (compatible; MSIE 6.0; Windows 98; PalmSource/Palm-D050; Blazer/4.3) 16;320x320 :: http response code = 302 :: RedirectionUrl = http://wap-classic.mapquest.com/

redir URL failure on CSV line 23 :: device-anywhere-id/wurfl-id=/ :: user agent=Mozilla/4.0 (compatible; MSIE 6.0; Windows 98; PalmSource/Palm-D050; Blazer/4.3) 16;320x448 :: http response code = 302 :: RedirectionUrl = http://wap-classic.mapquest.com/

redir URL failure on CSV line 24 :: device-anywhere-id/wurfl-id=/ :: user agent=Mozilla/4.0 (compatible; MSIE 6.0; Windows NT 5.1; en) Opera :: http response code = 302 :: RedirectionUrl = http://wap-classic.mapquest.com/

redir URL failure on CSV line 25 :: device-anywhere-id/wurfl-id=/ :: user agent=Mozilla/4.0 (compatible;) :: http response code = 302 :: RedirectionUrl = http://wap-classic.mapquest.com/

redir URL failure on CSV line 26 :: device-anywhere-id/wurfl-id=/ :: user agent=Mozilla/4.0 (MobilePhone SCP-6650/US/1.0) NetFront/3.3L MMP/2.0 :: http response code = 302 :: RedirectionUrl = http://wap-classic.mapquest.com/

response code failure on CSV line 27 :: device-anywhere-id/wurfl-id=/ :: user agent = Mozilla/4.1 (compatible; MSIE 6.0; ) 400x240 LGE VX10000 :: http response code=200

response code failure on CSV line 28 :: device-anywhere-id/wurfl-id=/ :: user agent = Mozilla/5.0 (compatible; Teleca Q7; Brew 3.1.5; U; en) 480X800 LGE VX11000 :: http response code=200

redir URL failure on CSV line 29 :: device-anywhere-id/wurfl-id=/ :: user agent=Mozilla/5.0 (Windows NT 6.1; U; en-GB; rv:1.9.1.6) Gecko/20091201 Firefox/3.5.6 Opera 10.51 :: http response code = 302 :: RedirectionUrl = http://wap-classic.mapquest.com/

redir URL failure on CSV line 30 :: device-anywhere-id/wurfl-id=/ :: user agent=Mozilla/5.0 (Windows; U; Windows NT 5.1; en-US; rv:1.9.1.9) Gecko/20100315  Firefox :: http response code = 302 :: RedirectionUrl = http://wap-classic.mapquest.com/

redir URL failure on CSV line 31 :: device-anywhere-id/wurfl-id=/ :: user agent=Nokia-1006 UP.Browser/6.3.0.8.c.1.104 (GUI) MMP/2.0 :: http response code = 302 :: RedirectionUrl = http://wap-classic.mapquest.com/

redir URL failure on CSV line 32 :: device-anywhere-id/wurfl-id=/ :: user agent=Nokia5310XpressMusic/2.0 (05.91) Profile/MIDP-2.1 Configuration/CLDC-1.1 :: http response code = 302 :: RedirectionUrl = http://wap-classic.mapquest.com/

redir URL failure on CSV line 33 :: device-anywhere-id/wurfl-id=/ :: user agent=Opera (X11; Linux; U; en) :: http response code = 302 :: RedirectionUrl = http://wap-classic.mapquest.com/

redir URL failure on CSV line 34 :: device-anywhere-id/wurfl-id=/ :: user agent=Opera/9.10 (X11; Linux; U; en) :: http response code = 302 :: RedirectionUrl = http://wap-classic.mapquest.com/

redir URL failure on CSV line 35 :: device-anywhere-id/wurfl-id=/ :: user agent=POLARIS/6.01 (BREW 3.1.5; U; en-us; LG; LX265; POLARIS/6.01/WAP) MMP/2.0 profile/MIDP-2.1 Configuration/CLDC-1.1 :: http response code = 302 :: RedirectionUrl = http://wap-classic.mapquest.com/

redir URL failure on CSV line 36 :: device-anywhere-id/wurfl-id=/ :: user agent=sam-r450 UP.Browser/6.2.3.8 (GUI) MMP/2.0 :: http response code = 302 :: RedirectionUrl = http://wap-classic.mapquest.com/

redir URL failure on CSV line 37 :: device-anywhere-id/wurfl-id=/ :: user agent=SAMSUNG-SGH-A877/A877UCIB7 SHP/VPP/R5 NetFront/3.5 SMM-MMS/1.2.0 profile/MIDP-2.1 configuration/CLDC-1.1 UP.Link/6.3.1.20.0 :: http response code = 302 :: RedirectionUrl = http://wap-classic.mapquest.com/

redir URL failure on CSV line 38 :: device-anywhere-id/wurfl-id=/ :: user agent=Samsung-SPHM520 AU-MIC-M520/2.0 MMP/2.0 Profile/MIDP-2.0 Configuration/CLDC-1.1 :: http response code = 302 :: RedirectionUrl = http://wap-classic.mapquest.com/

redir URL failure on CSV line 39 :: device-anywhere-id/wurfl-id=/ :: user agent=SCH-R210 UP.Browser/6.2.3.8 (GUI) MMP/2.0 :: http response code = 302 :: RedirectionUrl = http://wap-classic.mapquest.com/

redir URL failure on CSV line 40 :: device-anywhere-id/wurfl-id=/ :: user agent=SCH-R410 UP.Browser/6.2.3.8 (GUI) MMP/2.0 :: http response code = 302 :: RedirectionUrl = http://wap-classic.mapquest.com/

redir URL failure on CSV line 41 :: device-anywhere-id/wurfl-id=/ :: user agent=SCH-R500 UP.Browser/6.2.3.8 (GUI) MMP/2.0 :: http response code = 302 :: RedirectionUrl = http://wap-classic.mapquest.com/

redir URL failure on CSV line 42 :: device-anywhere-id/wurfl-id=/ :: user agent=SCH-u740 UP.Browser/6.2.3.2 (GUI) MMP/2.0 :: http response code = 302 :: RedirectionUrl = http://wap-classic.mapquest.com/

redir URL failure on CSV line 43 :: device-anywhere-id/wurfl-id=/ :: user agent=SonyEricssonT610/R501 Profile/MIDP-1.0 Configuration/CLDC-1.0 :: http response code = 302 :: RedirectionUrl = http://wap-classic.mapquest.com/

redir URL failure on CSV line 44 :: device-anywhere-id/wurfl-id=/ :: user agent=TELECA-/2.0 (BREW 3.1.5; U; EN-US; SAMSUNG; SPH-M810; Teleca/Q05A/INT) MMP/2.0 Profile/MIDP-2.1 Configuration/CLDC-1.1 :: http response code = 302 :: RedirectionUrl = http://wap-classic.mapquest.com/

redir URL failure on CSV line 45 :: device-anywhere-id/wurfl-id=/ :: user agent=TXT8010/T05_0 UP.Browser/6.2.3.2 (GUI) MMP/2.0 :: http response code = 302 :: RedirectionUrl = http://wap-classic.mapquest.com/

redir URL failure on CSV line 46 :: device-anywhere-id/wurfl-id=/ :: user agent=Mozilla/5.0 (Macintosh; U; PPC Mac OS X Mach-O; rv:1.7.3) Gecko/20040913 Firefox/0.10 :: http response code = 302 :: RedirectionUrl = http://wap-classic.mapquest.com/

redir URL failure on CSV line 47 :: device-anywhere-id/wurfl-id=/ :: user agent=Mozilla/5.0 (Windows; U; Windows NT 5.1; fr; rv:1.7) Gecko/20040707 Firefox/0.9.2 :: http response code = 302 :: RedirectionUrl = http://wap-classic.mapquest.com/

redir URL failure on CSV line 48 :: device-anywhere-id/wurfl-id=/ :: user agent=Mozilla/5.0 (Windows; U; Windows NT 5.1; rv:1.7.3) Gecko/20040913 Firefox/0.10 :: http response code = 302 :: RedirectionUrl = http://wap-classic.mapquest.com/

redir URL failure on CSV line 49 :: device-anywhere-id/wurfl-id=/ :: user agent=Mozilla/5.0 (Windows; U; Windows NT 5.0; rv:1.7.3) Gecko/20040913 Firefox/0.10 :: http response code = 302 :: RedirectionUrl = http://wap-classic.mapquest.com/

redir URL failure on CSV line 50 :: device-anywhere-id/wurfl-id=/ :: user agent=Mozilla/5.0 (Windows; U; Win 9x 4.90; en-US; rv:1.6) Gecko/20040206 Firefox/0.8 :: http response code = 302 :: RedirectionUrl = http://wap-classic.mapquest.com/

redir URL failure on CSV line 51 :: device-anywhere-id/wurfl-id=/ :: user agent=Mozilla/5.0 (Windows; U; Windows NT 5.1; fr; rv:1.7) Gecko/20040803 Firefox/0.9.3 :: http response code = 302 :: RedirectionUrl = http://wap-classic.mapquest.com/

redir URL failure on CSV line 52 :: device-anywhere-id/wurfl-id=/ :: user agent=Mozilla/5.0 (Windows; U; Win98; de-DE; rv:1.7.5) Gecko/20041122 Firefox/1.0 :: http response code = 302 :: RedirectionUrl = http://wap-classic.mapquest.com/

redir URL failure on CSV line 53 :: device-anywhere-id/wurfl-id=/ :: user agent=Mozilla/5.0 (X11; U; Linux i686; sk; rv:1.8.0.7) Gecko/20060909 Firefox/1.5.0.7 :: http response code = 302 :: RedirectionUrl = http://wap-classic.mapquest.com/

redir URL failure on CSV line 54 :: device-anywhere-id/wurfl-id=/ :: user agent=Mozilla/5.0 (Windows; U; WinNT4.0; en-US; rv:1.7.9) Gecko/20050711 Firefox/1.0.5 :: http response code = 302 :: RedirectionUrl = http://wap-classic.mapquest.com/

redir URL failure on CSV line 55 :: device-anywhere-id/wurfl-id=/ :: user agent=Mozilla/5.0 (Windows; U; Windows NT 5.1; ko; rv:1.8.0.12) Gecko/20070508 Firefox/1.5.0.12 :: http response code = 302 :: RedirectionUrl = http://wap-classic.mapquest.com/

redir URL failure on CSV line 56 :: device-anywhere-id/wurfl-id=/ :: user agent=Mozilla/5.0 (Macintosh; U; PPC Mac OS X; en-us) AppleWebKit/417.9 (KHTML, like Gecko) Safari/417.8 :: http response code = 302 :: RedirectionUrl = http://wap-classic.mapquest.com/

redir URL failure on CSV line 57 :: device-anywhere-id/wurfl-id=/ :: user agent=Mozilla/5.0 (Macintosh; U; PPC Mac OS X; en-au) AppleWebKit/125.4 (KHTML, like Gecko) Safari/125.9 :: http response code = 302 :: RedirectionUrl = http://wap-classic.mapquest.com/

redir URL failure on CSV line 58 :: device-anywhere-id/wurfl-id=/ :: user agent=Mozilla/5.0 (Macintosh; U; Intel Mac OS X; en) AppleWebKit/523.9+ (KHTML, like Gecko) Version/3.0.3 Safari/522.12.1 :: http response code = 302 :: RedirectionUrl = http://wap-classic.mapquest.com/

redir URL failure on CSV line 59 :: device-anywhere-id/wurfl-id=/ :: user agent=Mozilla/5.0 (Windows; U; Windows NT 6.0; sv-SE) AppleWebKit/523.13 (KHTML, like Gecko) Version/3.0 Safari/523.13 :: http response code = 302 :: RedirectionUrl = http://wap-classic.mapquest.com/

redir URL failure on CSV line 60 :: device-anywhere-id/wurfl-id=/ :: user agent=Mozilla/5.0 (Macintosh; U; PPC Mac OS X; nb-no) AppleWebKit/417.9 (KHTML, like Gecko) Safari/417.8 :: http response code = 302 :: RedirectionUrl = http://wap-classic.mapquest.com/

redir URL failure on CSV line 61 :: device-anywhere-id/wurfl-id=/ :: user agent=Mozilla/4.0 (compatible; MSIE 4.0) :: http response code = 302 :: RedirectionUrl = http://wap-classic.mapquest.com/

redir URL failure on CSV line 62 :: device-anywhere-id/wurfl-id=/ :: user agent=Opera/7.0 (Windows 2000; U) [en] :: http response code = 302 :: RedirectionUrl = http://wap-classic.mapquest.com/

redir URL failure on CSV line 63 :: device-anywhere-id/wurfl-id=/ :: user agent=Opera/7.0 (Windows 98; U) [en] :: http response code = 302 :: RedirectionUrl = http://wap-classic.mapquest.com/

redir URL failure on CSV line 64 :: device-anywhere-id/wurfl-id=/ :: user agent=Mozilla/5.0 (Windows NT 5.1; U; en) Opera 8.51 :: http response code = 302 :: RedirectionUrl = http://wap-classic.mapquest.com/

redir URL failure on CSV line 65 :: device-anywhere-id/wurfl-id=/ :: user agent=Opera/8.51 (Macintosh; PPC Mac OS X; U; de) :: http response code = 302 :: RedirectionUrl = http://wap-classic.mapquest.com/

redir URL failure on CSV line 66 :: device-anywhere-id/wurfl-id=/ :: user agent=Opera/9.50 (X11; Linux i686; U; es-ES) :: http response code = 302 :: RedirectionUrl = http://wap-classic.mapquest.com/
">
      <![CDATA[java.lang.AssertionError: 
redir URL failure on CSV line 2 :: device-anywhere-id/wurfl-id=/ :: user agent=BlackBerry7100/4.0.0 Profile/MIDP-2.0 Configuration/CLDC-1.1\ :: http response code = 302 :: RedirectionUrl = http://wap-classic.mapquest.com/

redir URL failure on CSV line 3 :: device-anywhere-id/wurfl-id=/ :: user agent=BlackBerry8110/4.3.0 Profile/MIDP-2.0 Configuration/CLDC-1.1 VendorID/102 :: http response code = 302 :: RedirectionUrl = http://wap-classic.mapquest.com/

redir URL failure on CSV line 4 :: device-anywhere-id/wurfl-id=/ :: user agent=BlackBerry8110/4.5.0.110 Profile/MIDP-2.0 Configuration/CLDC-1.1 VendorID/102 :: http response code = 302 :: RedirectionUrl = http://wap-classic.mapquest.com/

redir URL failure on CSV line 5 :: device-anywhere-id/wurfl-id=/ :: user agent=BlackBerry8820/4.2.2 Profile/MIDP-2.0 Configuration/CLDC-1.1 VendorID/102 :: http response code = 302 :: RedirectionUrl = http://wap-classic.mapquest.com/

redir URL failure on CSV line 6 :: device-anywhere-id/wurfl-id=/ :: user agent=KWC-S1300/ UP.Browser/7.2.6.1.839 (GUI) MMP/2.0 :: http response code = 302 :: RedirectionUrl = http://wap-classic.mapquest.com/

redir URL failure on CSV line 7 :: device-anywhere-id/wurfl-id=/ :: user agent=LG/KU990/v10aBrowser/Obigo-Q05A/3.6+MMS/LG-MMS-V1.0/1.2+Java/ASVM/1.0+Profile/MIDP-2.0+Configuration/CLDC-1.1 :: http response code = 302 :: RedirectionUrl = http://wap-classic.mapquest.com/

redir URL failure on CSV line 8 :: device-anywhere-id/wurfl-id=/ :: user agent=LGE-AX260/1.0 UP.Browser/6.2.3.8 (GUI) MMP/2.0 :: http response code = 302 :: RedirectionUrl = http://wap-classic.mapquest.com/

redir URL failure on CSV line 9 :: device-anywhere-id/wurfl-id=/ :: user agent=LGE-VX8300/1.0 UP.Browser/6.2.3.2 (GUI) MMP/2.0 :: http response code = 302 :: RedirectionUrl = http://wap-classic.mapquest.com/

redir URL failure on CSV line 10 :: device-anywhere-id/wurfl-id=/ :: user agent=LGE-VX8560/1.0 UP.Browser/6.2.3.2 (GUI) MMP/2.0 :: http response code = 302 :: RedirectionUrl = http://wap-classic.mapquest.com/

redir URL failure on CSV line 11 :: device-anywhere-id/wurfl-id=/ :: user agent=MOT-24.0_/00.62 UP.Browser/6.2.3.4.c.1.123 (GUI) MMP/2.0 :: http response code = 302 :: RedirectionUrl = http://wap-classic.mapquest.com/

redir URL failure on CSV line 12 :: device-anywhere-id/wurfl-id=/ :: user agent=MOT-A-7F/00.04 UP.Browser/7.0.2.2.c.1.109 (GUI) MMP/2.0 UP.Link/5.1.2.17 :: http response code = 302 :: RedirectionUrl = http://wap-classic.mapquest.com/

redir URL failure on CSV line 13 :: device-anywhere-id/wurfl-id=/ :: user agent=MOT-A-8E/00.02 UP.Browser/7.0.2.2.c.1.110 (GUI) MMP/2.0 UP.Link/5.1.2.17 :: http response code = 302 :: RedirectionUrl = http://wap-classic.mapquest.com/

redir URL failure on CSV line 14 :: device-anywhere-id/wurfl-id=/ :: user agent=MOT-COOL0/00.62 UP.Browser/6.2.3.4.c.1.128 (GUI) MMP/2.0 :: http response code = 302 :: RedirectionUrl = http://wap-classic.mapquest.com/

redir URL failure on CSV line 15 :: device-anywhere-id/wurfl-id=/ :: user agent=MOT-SPARK/00.62 UP.Browser/6.2.3.4.c.1.123 (GUI) MMP/2.0 :: http response code = 302 :: RedirectionUrl = http://wap-classic.mapquest.com/

redir URL failure on CSV line 16 :: device-anywhere-id/wurfl-id=/ :: user agent=MOT-V3/0E.40.39R MIB/2.2.1 Profile/MIDP-2.0 Configuration/CLDC-1.0 :: http response code = 302 :: RedirectionUrl = http://wap-classic.mapquest.com/

redir URL failure on CSV line 17 :: device-anywhere-id/wurfl-id=/ :: user agent=MOT-V3s/00.62 UP.Browser/6.2.3.4.c.1.123 (GUI) MMP/2.0 :: http response code = 302 :: RedirectionUrl = http://wap-classic.mapquest.com/

redir URL failure on CSV line 18 :: device-anywhere-id/wurfl-id=/ :: user agent=MOT-Z6m/00.62 UP.Browser/6.2.3.4.c.1.123 (GUI) MMP/2.0 :: http response code = 302 :: RedirectionUrl = http://wap-classic.mapquest.com/

redir URL failure on CSV line 19 :: device-anywhere-id/wurfl-id=/ :: user agent=Mozilla/4.0 (compatible; MSIE 4.01; Windows CE; Smartphone; 176x220) :: http response code = 302 :: RedirectionUrl = http://wap-classic.mapquest.com/

redir URL failure on CSV line 20 :: device-anywhere-id/wurfl-id=/ :: user agent=Mozilla/4.0 (compatible; MSIE 6.0; Windows 98; PalmSource/hspr-H102; Blazer/4.0) 16;320x320 :: http response code = 302 :: RedirectionUrl = http://wap-classic.mapquest.com/

redir URL failure on CSV line 21 :: device-anywhere-id/wurfl-id=/ :: user agent=Mozilla/4.0 (compatible; MSIE 6.0; Windows 98; PalmSource/hspr-H102; Blazer/4.2) 16;320x320 :: http response code = 302 :: RedirectionUrl = http://wap-classic.mapquest.com/

redir URL failure on CSV line 22 :: device-anywhere-id/wurfl-id=/ :: user agent=Mozilla/4.0 (compatible; MSIE 6.0; Windows 98; PalmSource/Palm-D050; Blazer/4.3) 16;320x320 :: http response code = 302 :: RedirectionUrl = http://wap-classic.mapquest.com/

redir URL failure on CSV line 23 :: device-anywhere-id/wurfl-id=/ :: user agent=Mozilla/4.0 (compatible; MSIE 6.0; Windows 98; PalmSource/Palm-D050; Blazer/4.3) 16;320x448 :: http response code = 302 :: RedirectionUrl = http://wap-classic.mapquest.com/

redir URL failure on CSV line 24 :: device-anywhere-id/wurfl-id=/ :: user agent=Mozilla/4.0 (compatible; MSIE 6.0; Windows NT 5.1; en) Opera :: http response code = 302 :: RedirectionUrl = http://wap-classic.mapquest.com/

redir URL failure on CSV line 25 :: device-anywhere-id/wurfl-id=/ :: user agent=Mozilla/4.0 (compatible;) :: http response code = 302 :: RedirectionUrl = http://wap-classic.mapquest.com/

redir URL failure on CSV line 26 :: device-anywhere-id/wurfl-id=/ :: user agent=Mozilla/4.0 (MobilePhone SCP-6650/US/1.0) NetFront/3.3L MMP/2.0 :: http response code = 302 :: RedirectionUrl = http://wap-classic.mapquest.com/

response code failure on CSV line 27 :: device-anywhere-id/wurfl-id=/ :: user agent = Mozilla/4.1 (compatible; MSIE 6.0; ) 400x240 LGE VX10000 :: http response code=200

response code failure on CSV line 28 :: device-anywhere-id/wurfl-id=/ :: user agent = Mozilla/5.0 (compatible; Teleca Q7; Brew 3.1.5; U; en) 480X800 LGE VX11000 :: http response code=200

redir URL failure on CSV line 29 :: device-anywhere-id/wurfl-id=/ :: user agent=Mozilla/5.0 (Windows NT 6.1; U; en-GB; rv:1.9.1.6) Gecko/20091201 Firefox/3.5.6 Opera 10.51 :: http response code = 302 :: RedirectionUrl = http://wap-classic.mapquest.com/

redir URL failure on CSV line 30 :: device-anywhere-id/wurfl-id=/ :: user agent=Mozilla/5.0 (Windows; U; Windows NT 5.1; en-US; rv:1.9.1.9) Gecko/20100315  Firefox :: http response code = 302 :: RedirectionUrl = http://wap-classic.mapquest.com/

redir URL failure on CSV line 31 :: device-anywhere-id/wurfl-id=/ :: user agent=Nokia-1006 UP.Browser/6.3.0.8.c.1.104 (GUI) MMP/2.0 :: http response code = 302 :: RedirectionUrl = http://wap-classic.mapquest.com/

redir URL failure on CSV line 32 :: device-anywhere-id/wurfl-id=/ :: user agent=Nokia5310XpressMusic/2.0 (05.91) Profile/MIDP-2.1 Configuration/CLDC-1.1 :: http response code = 302 :: RedirectionUrl = http://wap-classic.mapquest.com/

redir URL failure on CSV line 33 :: device-anywhere-id/wurfl-id=/ :: user agent=Opera (X11; Linux; U; en) :: http response code = 302 :: RedirectionUrl = http://wap-classic.mapquest.com/

redir URL failure on CSV line 34 :: device-anywhere-id/wurfl-id=/ :: user agent=Opera/9.10 (X11; Linux; U; en) :: http response code = 302 :: RedirectionUrl = http://wap-classic.mapquest.com/

redir URL failure on CSV line 35 :: device-anywhere-id/wurfl-id=/ :: user agent=POLARIS/6.01 (BREW 3.1.5; U; en-us; LG; LX265; POLARIS/6.01/WAP) MMP/2.0 profile/MIDP-2.1 Configuration/CLDC-1.1 :: http response code = 302 :: RedirectionUrl = http://wap-classic.mapquest.com/

redir URL failure on CSV line 36 :: device-anywhere-id/wurfl-id=/ :: user agent=sam-r450 UP.Browser/6.2.3.8 (GUI) MMP/2.0 :: http response code = 302 :: RedirectionUrl = http://wap-classic.mapquest.com/

redir URL failure on CSV line 37 :: device-anywhere-id/wurfl-id=/ :: user agent=SAMSUNG-SGH-A877/A877UCIB7 SHP/VPP/R5 NetFront/3.5 SMM-MMS/1.2.0 profile/MIDP-2.1 configuration/CLDC-1.1 UP.Link/6.3.1.20.0 :: http response code = 302 :: RedirectionUrl = http://wap-classic.mapquest.com/

redir URL failure on CSV line 38 :: device-anywhere-id/wurfl-id=/ :: user agent=Samsung-SPHM520 AU-MIC-M520/2.0 MMP/2.0 Profile/MIDP-2.0 Configuration/CLDC-1.1 :: http response code = 302 :: RedirectionUrl = http://wap-classic.mapquest.com/

redir URL failure on CSV line 39 :: device-anywhere-id/wurfl-id=/ :: user agent=SCH-R210 UP.Browser/6.2.3.8 (GUI) MMP/2.0 :: http response code = 302 :: RedirectionUrl = http://wap-classic.mapquest.com/

redir URL failure on CSV line 40 :: device-anywhere-id/wurfl-id=/ :: user agent=SCH-R410 UP.Browser/6.2.3.8 (GUI) MMP/2.0 :: http response code = 302 :: RedirectionUrl = http://wap-classic.mapquest.com/

redir URL failure on CSV line 41 :: device-anywhere-id/wurfl-id=/ :: user agent=SCH-R500 UP.Browser/6.2.3.8 (GUI) MMP/2.0 :: http response code = 302 :: RedirectionUrl = http://wap-classic.mapquest.com/

redir URL failure on CSV line 42 :: device-anywhere-id/wurfl-id=/ :: user agent=SCH-u740 UP.Browser/6.2.3.2 (GUI) MMP/2.0 :: http response code = 302 :: RedirectionUrl = http://wap-classic.mapquest.com/

redir URL failure on CSV line 43 :: device-anywhere-id/wurfl-id=/ :: user agent=SonyEricssonT610/R501 Profile/MIDP-1.0 Configuration/CLDC-1.0 :: http response code = 302 :: RedirectionUrl = http://wap-classic.mapquest.com/

redir URL failure on CSV line 44 :: device-anywhere-id/wurfl-id=/ :: user agent=TELECA-/2.0 (BREW 3.1.5; U; EN-US; SAMSUNG; SPH-M810; Teleca/Q05A/INT) MMP/2.0 Profile/MIDP-2.1 Configuration/CLDC-1.1 :: http response code = 302 :: RedirectionUrl = http://wap-classic.mapquest.com/

redir URL failure on CSV line 45 :: device-anywhere-id/wurfl-id=/ :: user agent=TXT8010/T05_0 UP.Browser/6.2.3.2 (GUI) MMP/2.0 :: http response code = 302 :: RedirectionUrl = http://wap-classic.mapquest.com/

redir URL failure on CSV line 46 :: device-anywhere-id/wurfl-id=/ :: user agent=Mozilla/5.0 (Macintosh; U; PPC Mac OS X Mach-O; rv:1.7.3) Gecko/20040913 Firefox/0.10 :: http response code = 302 :: RedirectionUrl = http://wap-classic.mapquest.com/

redir URL failure on CSV line 47 :: device-anywhere-id/wurfl-id=/ :: user agent=Mozilla/5.0 (Windows; U; Windows NT 5.1; fr; rv:1.7) Gecko/20040707 Firefox/0.9.2 :: http response code = 302 :: RedirectionUrl = http://wap-classic.mapquest.com/

redir URL failure on CSV line 48 :: device-anywhere-id/wurfl-id=/ :: user agent=Mozilla/5.0 (Windows; U; Windows NT 5.1; rv:1.7.3) Gecko/20040913 Firefox/0.10 :: http response code = 302 :: RedirectionUrl = http://wap-classic.mapquest.com/

redir URL failure on CSV line 49 :: device-anywhere-id/wurfl-id=/ :: user agent=Mozilla/5.0 (Windows; U; Windows NT 5.0; rv:1.7.3) Gecko/20040913 Firefox/0.10 :: http response code = 302 :: RedirectionUrl = http://wap-classic.mapquest.com/

redir URL failure on CSV line 50 :: device-anywhere-id/wurfl-id=/ :: user agent=Mozilla/5.0 (Windows; U; Win 9x 4.90; en-US; rv:1.6) Gecko/20040206 Firefox/0.8 :: http response code = 302 :: RedirectionUrl = http://wap-classic.mapquest.com/

redir URL failure on CSV line 51 :: device-anywhere-id/wurfl-id=/ :: user agent=Mozilla/5.0 (Windows; U; Windows NT 5.1; fr; rv:1.7) Gecko/20040803 Firefox/0.9.3 :: http response code = 302 :: RedirectionUrl = http://wap-classic.mapquest.com/

redir URL failure on CSV line 52 :: device-anywhere-id/wurfl-id=/ :: user agent=Mozilla/5.0 (Windows; U; Win98; de-DE; rv:1.7.5) Gecko/20041122 Firefox/1.0 :: http response code = 302 :: RedirectionUrl = http://wap-classic.mapquest.com/

redir URL failure on CSV line 53 :: device-anywhere-id/wurfl-id=/ :: user agent=Mozilla/5.0 (X11; U; Linux i686; sk; rv:1.8.0.7) Gecko/20060909 Firefox/1.5.0.7 :: http response code = 302 :: RedirectionUrl = http://wap-classic.mapquest.com/

redir URL failure on CSV line 54 :: device-anywhere-id/wurfl-id=/ :: user agent=Mozilla/5.0 (Windows; U; WinNT4.0; en-US; rv:1.7.9) Gecko/20050711 Firefox/1.0.5 :: http response code = 302 :: RedirectionUrl = http://wap-classic.mapquest.com/

redir URL failure on CSV line 55 :: device-anywhere-id/wurfl-id=/ :: user agent=Mozilla/5.0 (Windows; U; Windows NT 5.1; ko; rv:1.8.0.12) Gecko/20070508 Firefox/1.5.0.12 :: http response code = 302 :: RedirectionUrl = http://wap-classic.mapquest.com/

redir URL failure on CSV line 56 :: device-anywhere-id/wurfl-id=/ :: user agent=Mozilla/5.0 (Macintosh; U; PPC Mac OS X; en-us) AppleWebKit/417.9 (KHTML, like Gecko) Safari/417.8 :: http response code = 302 :: RedirectionUrl = http://wap-classic.mapquest.com/

redir URL failure on CSV line 57 :: device-anywhere-id/wurfl-id=/ :: user agent=Mozilla/5.0 (Macintosh; U; PPC Mac OS X; en-au) AppleWebKit/125.4 (KHTML, like Gecko) Safari/125.9 :: http response code = 302 :: RedirectionUrl = http://wap-classic.mapquest.com/

redir URL failure on CSV line 58 :: device-anywhere-id/wurfl-id=/ :: user agent=Mozilla/5.0 (Macintosh; U; Intel Mac OS X; en) AppleWebKit/523.9+ (KHTML, like Gecko) Version/3.0.3 Safari/522.12.1 :: http response code = 302 :: RedirectionUrl = http://wap-classic.mapquest.com/

redir URL failure on CSV line 59 :: device-anywhere-id/wurfl-id=/ :: user agent=Mozilla/5.0 (Windows; U; Windows NT 6.0; sv-SE) AppleWebKit/523.13 (KHTML, like Gecko) Version/3.0 Safari/523.13 :: http response code = 302 :: RedirectionUrl = http://wap-classic.mapquest.com/

redir URL failure on CSV line 60 :: device-anywhere-id/wurfl-id=/ :: user agent=Mozilla/5.0 (Macintosh; U; PPC Mac OS X; nb-no) AppleWebKit/417.9 (KHTML, like Gecko) Safari/417.8 :: http response code = 302 :: RedirectionUrl = http://wap-classic.mapquest.com/

redir URL failure on CSV line 61 :: device-anywhere-id/wurfl-id=/ :: user agent=Mozilla/4.0 (compatible; MSIE 4.0) :: http response code = 302 :: RedirectionUrl = http://wap-classic.mapquest.com/

redir URL failure on CSV line 62 :: device-anywhere-id/wurfl-id=/ :: user agent=Opera/7.0 (Windows 2000; U) [en] :: http response code = 302 :: RedirectionUrl = http://wap-classic.mapquest.com/

redir URL failure on CSV line 63 :: device-anywhere-id/wurfl-id=/ :: user agent=Opera/7.0 (Windows 98; U) [en] :: http response code = 302 :: RedirectionUrl = http://wap-classic.mapquest.com/

redir URL failure on CSV line 64 :: device-anywhere-id/wurfl-id=/ :: user agent=Mozilla/5.0 (Windows NT 5.1; U; en) Opera 8.51 :: http response code = 302 :: RedirectionUrl = http://wap-classic.mapquest.com/

redir URL failure on CSV line 65 :: device-anywhere-id/wurfl-id=/ :: user agent=Opera/8.51 (Macintosh; PPC Mac OS X; U; de) :: http response code = 302 :: RedirectionUrl = http://wap-classic.mapquest.com/

redir URL failure on CSV line 66 :: device-anywhere-id/wurfl-id=/ :: user agent=Opera/9.50 (X11; Linux i686; U; es-ES) :: http response code = 302 :: RedirectionUrl = http://wap-classic.mapquest.com/

	at com.aol.functest.mobileweb.test.AbstractRedirectionTest.executeTestFor30XRedirection(AbstractRedirectionTest.java:179)
	at com.aol.functest.mobileweb.test.UnsupportedRedirectiontest.TC_UnsupportedRedirectiontest(UnsupportedRedirectiontest.java:101)
... Removed 25 stack frames]]>
    </failure>
  </testcase>
</testsuite>
